<?xml version="1.0" encoding="UTF-8"?>
<testsuite xmlns:xsi="http://www.w3.org/2001/XMLSchema-instance" xsi:noNamespaceSchemaLocation="https://maven.apache.org/surefire/maven-surefire-plugin/xsd/surefire-test-report-3.0.xsd" version="3.0" name="TestSuite" time="138.513" tests="84" errors="0" skipped="0" failures="42">
  <properties>
[...]
</properties>
  <testcase name="runScenario[&quot;Validate loginPage&quot;, &quot;SalesforceLoginSepsisapp&quot;](1)" classname="runner.TestRunnertestNG" time="6.044">
    <system-out><![CDATA[browser value is: chrome

@Login @TS_01LoginPage
Scenario: Validate loginPage                                    &amp#27;[90m# src/test/resources/features/01loginSepsis.feature:5&amp#27;[0m
  &amp#27;[32mGiven &amp#27;[0m&amp#27;[32mThe patient is on Signin page of salesforce application&amp#27;[0m &amp#27;[90m# stepDefinitions.SalesforceLoginSepsisSD.the_patient_is_on_signin_page_of_salesforce_application()&amp#27;[0m
  &amp#27;[32mWhen &amp#27;[0m&amp#27;[32mThe patient enter valid &amp#27;[0m&amp#27;[32m&amp#27;[1m"username"&amp#27;[0m&amp#27;[32m and &amp#27;[0m&amp#27;[32m&amp#27;[1m"password"&amp#27;[0m        &amp#27;[90m# stepDefinitions.SalesforceLoginSepsisSD.the_patient_enter_valid_and(java.lang.String,java.lang.String)&amp#27;[0m
  &amp#27;[32mAnd &amp#27;[0m&amp#27;[32mThe user click on login button&amp#27;[0m                            &amp#27;[90m# stepDefinitions.SalesforceLoginSepsisSD.the_user_click_on_login_button()&amp#27;[0m
  &amp#27;[32mThen &amp#27;[0m&amp#27;[32mThe user redirected to SalesForceHomepage&amp#27;[0m                &amp#27;[90m# stepDefinitions.SalesforceLoginSepsisSD.the_user_redirected_to_sales_force_homepage()&amp#27;[0m
]]></system-out>
    <system-err><![CDATA[[main] WARN org.testng.internal.Configuration - Detected a static method [runner.TestRunnertestNG.setUpScenario()]. Static configuration methods can cause  unexpected behavior.
[main] WARN org.testng.internal.Configuration - Detected a static method [runner.TestRunnertestNG.setUpScenario()]. Static configuration methods can cause  unexpected behavior.
Jan 02, 2024 5:52:42 PM org.openqa.selenium.manager.SeleniumManager lambda$runCommand$1
INFO: Driver path: /Users/kalai/.cache/selenium/chromedriver/mac-arm64/120.0.6099.109/chromedriver
Jan 02, 2024 5:52:42 PM org.openqa.selenium.manager.SeleniumManager lambda$runCommand$1
INFO: Browser path: /Applications/Google Chrome.app/Contents/MacOS/Google Chrome
Jan 02, 2024 5:52:43 PM org.openqa.selenium.devtools.CdpVersionFinder findNearestMatch
WARNING: Unable to find an exact match for CDP version 120, so returning the closest version found: 116
]]></system-err>
  </testcase>
  <testcase name="runScenario[&quot;Validate loginPage&quot;, &quot;SalesforceLoginSepsisapp&quot;](1)" classname="runner.TestRunnertestNG" time="5.25">
    <system-out><![CDATA[browser value is: edge

@Login @TS_01LoginPage
Scenario: Validate loginPage                                    &amp#27;[90m# src/test/resources/features/01loginSepsis.feature:5&amp#27;[0m
  &amp#27;[32mGiven &amp#27;[0m&amp#27;[32mThe patient is on Signin page of salesforce application&amp#27;[0m &amp#27;[90m# stepDefinitions.SalesforceLoginSepsisSD.the_patient_is_on_signin_page_of_salesforce_application()&amp#27;[0m
  &amp#27;[32mWhen &amp#27;[0m&amp#27;[32mThe patient enter valid &amp#27;[0m&amp#27;[32m&amp#27;[1m"username"&amp#27;[0m&amp#27;[32m and &amp#27;[0m&amp#27;[32m&amp#27;[1m"password"&amp#27;[0m        &amp#27;[90m# stepDefinitions.SalesforceLoginSepsisSD.the_patient_enter_valid_and(java.lang.String,java.lang.String)&amp#27;[0m
  &amp#27;[32mAnd &amp#27;[0m&amp#27;[32mThe user click on login button&amp#27;[0m                            &amp#27;[90m# stepDefinitions.SalesforceLoginSepsisSD.the_user_click_on_login_button()&amp#27;[0m
  &amp#27;[32mThen &amp#27;[0m&amp#27;[32mThe user redirected to SalesForceHomepage&amp#27;[0m                &amp#27;[90m# stepDefinitions.SalesforceLoginSepsisSD.the_user_redirected_to_sales_force_homepage()&amp#27;[0m
]]></system-out>
    <system-err><![CDATA[Jan 02, 2024 5:54:24 PM tech.grasshopper.pdf.PDFCucumberReport collectReportConfiguration
INFO: PDF report configuration YAML file not found. Using default settings.
&amp#27;[32m&amp#27;[1m┌──────────────────────────────────────────────────────────────────────────┐&amp#27;[0m
&amp#27;[32m&amp#27;[1m│&amp#27;[0m View your Cucumber Report at:                                            &amp#27;[32m&amp#27;[1m│&amp#27;[0m
&amp#27;[32m&amp#27;[1m│&amp#27;[0m &amp#27;[1m&amp#27;[36m&amp#27;[4mhttps://reports.cucumber.io/reports/cd34af3c-31d0-4625-bde3-09d7f8c139f2&amp#27;[0m &amp#27;[32m&amp#27;[1m│&amp#27;[0m
&amp#27;[32m&amp#27;[1m│&amp#27;[0m                                                                          &amp#27;[32m&amp#27;[1m│&amp#27;[0m
&amp#27;[32m&amp#27;[1m│&amp#27;[0m &amp#27;[1mThis report will self-destruct in 24h.&amp#27;[0m                                   &amp#27;[32m&amp#27;[1m│&amp#27;[0m
&amp#27;[32m&amp#27;[1m│&amp#27;[0m Keep reports forever: &amp#27;[4m&amp#27;[1m&amp#27;[36mhttps://reports.cucumber.io/profile&amp#27;[0m                &amp#27;[32m&amp#27;[1m│&amp#27;[0m
&amp#27;[32m&amp#27;[1m└──────────────────────────────────────────────────────────────────────────┘&amp#27;[0mJan 02, 2024 5:54:29 PM org.openqa.selenium.manager.SeleniumManager lambda$runCommand$1
INFO: Driver path: /Users/kalai/.cache/selenium/msedgedriver/mac-arm64/120.0.2210.91/msedgedriver
Jan 02, 2024 5:54:29 PM org.openqa.selenium.manager.SeleniumManager lambda$runCommand$1
INFO: Browser path: /Applications/Microsoft Edge.app/Contents/MacOS/Microsoft Edge
Jan 02, 2024 5:54:30 PM org.openqa.selenium.devtools.CdpVersionFinder findNearestMatch
WARNING: Unable to find an exact match for CDP version 120, so returning the closest version found: 116
]]></system-err>
  </testcase>
  <testcase name="runScenario[&quot;Validating the PersonalInfo&quot;, &quot;Validating the New Patient information&quot;](2)" classname="runner.TestRunnertestNG" time="3.364">
    <system-out><![CDATA[
@NewPatientInformation @TS_01_ValidatePersonalInfo
Scenario Outline: Validating the PersonalInfo                                                                     &amp#27;[90m# src/test/resources/features/02patientObject.feature:13&amp#27;[0m
  &amp#27;[32mGiven &amp#27;[0m&amp#27;[32mPatient is on New patient form&amp#27;[0m                                                                            &amp#27;[90m# stepDefinitions.PatientObjectSD.patient_is_on_new_patient_form()&amp#27;[0m
  &amp#27;[32mWhen &amp#27;[0m&amp#27;[32mPatient enters &amp#27;[0m&amp#27;[32m&amp#27;[1m"Kelly"&amp#27;[0m&amp#27;[32m,&amp#27;[0m&amp#27;[32m&amp#27;[1m"Rob"&amp#27;[0m&amp#27;[32m,Gender, Race, &amp#27;[0m&amp#27;[32m&amp#27;[1m"11/1/2023"&amp#27;[0m&amp#27;[32m and  &amp#27;[0m&amp#27;[32m&amp#27;[1m"atena4656"&amp#27;[0m&amp#27;[32m on personal information&amp#27;[0m            &amp#27;[90m# stepDefinitions.PatientObjectSD.patient_enters_gender_race_and_on_personal_information(java.lang.String,java.lang.String,java.lang.String,java.lang.String)&amp#27;[0m
  &amp#27;[32mThen &amp#27;[0m&amp#27;[32mPatient can see the &amp#27;[0m&amp#27;[32m&amp#27;[1m"Kelly"&amp#27;[0m&amp#27;[32m,&amp#27;[0m&amp#27;[32m&amp#27;[1m"Rob"&amp#27;[0m&amp#27;[32m,&amp#27;[0m&amp#27;[32m&amp#27;[1m"11/1/2023"&amp#27;[0m&amp#27;[32m,&amp#27;[0m&amp#27;[32m&amp#27;[1m"atena4656"&amp#27;[0m&amp#27;[32mand other details entered on personal information&amp#27;[0m &amp#27;[90m# stepDefinitions.PatientObjectSD.patient_can_see_the_and_other_details_entered_on_personal_information(java.lang.String,java.lang.String,java.lang.String,java.lang.String)&amp#27;[0m
]]></system-out>
  </testcase>
  <testcase name="runScenario[&quot;Validating the PersonalInfo&quot;, &quot;Validating the New Patient information&quot;](2)" classname="runner.TestRunnertestNG" time="2.617">
    <failure message="invalid session id&#10;Build info: version: &apos;4.12.0&apos;, revision: &apos;249f2a7d1b*&apos;&#10;System info: os.name: &apos;Mac OS X&apos;, os.arch: &apos;aarch64&apos;, os.version: &apos;13.4&apos;, java.version: &apos;17.0.6&apos;&#10;Driver info: org.openqa.selenium.chrome.ChromeDriver&#10;Command: [ea6e157aa13b08210ef9902188bd5b37, findElement {using=xpath, value=//input[@name=&apos;First_Name__c&apos;]}]&#10;Capabilities {acceptInsecureCerts: false, browserName: chrome, browserVersion: 120.0.6099.129, chrome: {chromedriverVersion: 120.0.6099.109 (3419140ab66..., userDataDir: /var/folders/r3/5_bhvqb55bq...}, fedcm:accounts: true, goog:chromeOptions: {debuggerAddress: localhost:51078}, networkConnectionEnabled: false, pageLoadStrategy: normal, platformName: mac, proxy: Proxy(), se:cdp: ws://localhost:51078/devtoo..., se:cdpVersion: 120.0.6099.129, setWindowRect: true, strictFileInteractability: false, timeouts: {implicit: 0, pageLoad: 300000, script: 30000}, unhandledPromptBehavior: dismiss and notify, webauthn:extension:credBlob: true, webauthn:extension:largeBlob: true, webauthn:extension:minPinLength: true, webauthn:extension:prf: true, webauthn:virtualAuthenticators: true}&#10;Session ID: ea6e157aa13b08210ef9902188bd5b37" type="org.openqa.selenium.NoSuchSessionException"><![CDATA[org.openqa.selenium.NoSuchSessionException: 
invalid session id
Build info: version: '4.12.0', revision: '249f2a7d1b*'
System info: os.name: 'Mac OS X', os.arch: 'aarch64', os.version: '13.4', java.version: '17.0.6'
Driver info: org.openqa.selenium.chrome.ChromeDriver
Command: [ea6e157aa13b08210ef9902188bd5b37, findElement {using=xpath, value=//input[@name='First_Name__c']}]
Capabilities {acceptInsecureCerts: false, browserName: chrome, browserVersion: 120.0.6099.129, chrome: {chromedriverVersion: 120.0.6099.109 (3419140ab66..., userDataDir: /var/folders/r3/5_bhvqb55bq...}, fedcm:accounts: true, goog:chromeOptions: {debuggerAddress: localhost:51078}, networkConnectionEnabled: false, pageLoadStrategy: normal, platformName: mac, proxy: Proxy(), se:cdp: ws://localhost:51078/devtoo..., se:cdpVersion: 120.0.6099.129, setWindowRect: true, strictFileInteractability: false, timeouts: {implicit: 0, pageLoad: 300000, script: 30000}, unhandledPromptBehavior: dismiss and notify, webauthn:extension:credBlob: true, webauthn:extension:largeBlob: true, webauthn:extension:minPinLength: true, webauthn:extension:prf: true, webauthn:virtualAuthenticators: true}
Session ID: ea6e157aa13b08210ef9902188bd5b37
	at java.base/jdk.internal.reflect.NativeConstructorAccessorImpl.newInstance0(Native Method)
	at java.base/jdk.internal.reflect.NativeConstructorAccessorImpl.newInstance(NativeConstructorAccessorImpl.java:77)
	at java.base/jdk.internal.reflect.DelegatingConstructorAccessorImpl.newInstance(DelegatingConstructorAccessorImpl.java:45)
	at java.base/java.lang.reflect.Constructor.newInstanceWithCaller(Constructor.java:499)
	at java.base/java.lang.reflect.Constructor.newInstance(Constructor.java:480)
	at org.openqa.selenium.remote.codec.w3c.W3CHttpResponseCodec.createException(W3CHttpResponseCodec.java:200)
	at org.openqa.selenium.remote.codec.w3c.W3CHttpResponseCodec.decode(W3CHttpResponseCodec.java:133)
	at org.openqa.selenium.remote.codec.w3c.W3CHttpResponseCodec.decode(W3CHttpResponseCodec.java:52)
	at org.openqa.selenium.remote.HttpCommandExecutor.execute(HttpCommandExecutor.java:191)
	at org.openqa.selenium.remote.service.DriverCommandExecutor.invokeExecute(DriverCommandExecutor.java:196)
	at org.openqa.selenium.remote.service.DriverCommandExecutor.execute(DriverCommandExecutor.java:171)
	at org.openqa.selenium.remote.RemoteWebDriver.execute(RemoteWebDriver.java:602)
	at org.openqa.selenium.remote.ElementLocation$ElementFinder$2.findElement(ElementLocation.java:165)
	at org.openqa.selenium.remote.ElementLocation.findElement(ElementLocation.java:59)
	at org.openqa.selenium.remote.RemoteWebDriver.findElement(RemoteWebDriver.java:359)
	at org.openqa.selenium.remote.RemoteWebDriver.findElement(RemoteWebDriver.java:353)
	at org.openqa.selenium.support.pagefactory.DefaultElementLocator.findElement(DefaultElementLocator.java:68)
	at org.openqa.selenium.support.pagefactory.internal.LocatingElementHandler.invoke(LocatingElementHandler.java:38)
	at jdk.proxy2/jdk.proxy2.$Proxy31.getWrappedElement(Unknown Source)
	at org.openqa.selenium.remote.internal.WebElementToJsonConverter.apply(WebElementToJsonConverter.java:51)
	at java.base/java.util.stream.ReferencePipeline$3$1.accept(ReferencePipeline.java:197)
	at java.base/java.util.Spliterators$ArraySpliterator.forEachRemaining(Spliterators.java:992)
	at java.base/java.util.stream.AbstractPipeline.copyInto(AbstractPipeline.java:509)
	at java.base/java.util.stream.AbstractPipeline.wrapAndCopyInto(AbstractPipeline.java:499)
	at java.base/java.util.stream.ReduceOps$ReduceOp.evaluateSequential(ReduceOps.java:921)
	at java.base/java.util.stream.AbstractPipeline.evaluate(AbstractPipeline.java:234)
	at java.base/java.util.stream.ReferencePipeline.collect(ReferencePipeline.java:682)
	at org.openqa.selenium.remote.RemoteWebDriver.executeScript(RemoteWebDriver.java:465)
	at pageObjects.PatientObject.personalInfo(PatientObject.java:119)
	at stepDefinitions.PatientObjectSD.patient_enters_gender_race_and_on_personal_information(PatientObjectSD.java:40)
	at ✽.Patient enters "Kelly","Rob",Gender, Race, "11/1/2023" and  "atena4656" on personal information(file:///Users/kalai/Documents/GitLab/Sepsis-Application/src/test/resources/features/02patientObject.feature:7)
]]></failure>
    <system-out><![CDATA[
@NewPatientInformation @TS_01_ValidatePersonalInfo
Scenario Outline: Validating the PersonalInfo                                                                     &amp#27;[90m# src/test/resources/features/02patientObject.feature:13&amp#27;[0m
  &amp#27;[32mGiven &amp#27;[0m&amp#27;[32mPatient is on New patient form&amp#27;[0m                                                                            &amp#27;[90m# stepDefinitions.PatientObjectSD.patient_is_on_new_patient_form()&amp#27;[0m
  &amp#27;[31mWhen &amp#27;[0m&amp#27;[31mPatient enters &amp#27;[0m&amp#27;[31m&amp#27;[1m"Kelly"&amp#27;[0m&amp#27;[31m,&amp#27;[0m&amp#27;[31m&amp#27;[1m"Rob"&amp#27;[0m&amp#27;[31m,Gender, Race, &amp#27;[0m&amp#27;[31m&amp#27;[1m"11/1/2023"&amp#27;[0m&amp#27;[31m and  &amp#27;[0m&amp#27;[31m&amp#27;[1m"atena4656"&amp#27;[0m&amp#27;[31m on personal information&amp#27;[0m            &amp#27;[90m# stepDefinitions.PatientObjectSD.patient_enters_gender_race_and_on_personal_information(java.lang.String,java.lang.String,java.lang.String,java.lang.String)&amp#27;[0m
      &amp#27;[31morg.openqa.selenium.NoSuchSessionException: invalid session id
Build info: version: '4.12.0', revision: '249f2a7d1b*'
System info: os.name: 'Mac OS X', os.arch: 'aarch64', os.version: '13.4', java.version: '17.0.6'
Driver info: org.openqa.selenium.chrome.ChromeDriver
Command: [ea6e157aa13b08210ef9902188bd5b37, findElement {using=xpath, value=//input[@name='First_Name__c']}]
Capabilities {acceptInsecureCerts: false, browserName: chrome, browserVersion: 120.0.6099.129, chrome: {chromedriverVersion: 120.0.6099.109 (3419140ab66..., userDataDir: /var/folders/r3/5_bhvqb55bq...}, fedcm:accounts: true, goog:chromeOptions: {debuggerAddress: localhost:51078}, networkConnectionEnabled: false, pageLoadStrategy: normal, platformName: mac, proxy: Proxy(), se:cdp: ws://localhost:51078/devtoo..., se:cdpVersion: 120.0.6099.129, setWindowRect: true, strictFileInteractability: false, timeouts: {implicit: 0, pageLoad: 300000, script: 30000}, unhandledPromptBehavior: dismiss and notify, webauthn:extension:credBlob: true, webauthn:extension:largeBlob: true, webauthn:extension:minPinLength: true, webauthn:extension:prf: true, webauthn:virtualAuthenticators: true}
Session ID: ea6e157aa13b08210ef9902188bd5b37
	at java.base/jdk.internal.reflect.NativeConstructorAccessorImpl.newInstance0(Native Method)
	at java.base/jdk.internal.reflect.NativeConstructorAccessorImpl.newInstance(NativeConstructorAccessorImpl.java:77)
	at java.base/jdk.internal.reflect.DelegatingConstructorAccessorImpl.newInstance(DelegatingConstructorAccessorImpl.java:45)
	at java.base/java.lang.reflect.Constructor.newInstanceWithCaller(Constructor.java:499)
	at java.base/java.lang.reflect.Constructor.newInstance(Constructor.java:480)
	at org.openqa.selenium.remote.codec.w3c.W3CHttpResponseCodec.createException(W3CHttpResponseCodec.java:200)
	at org.openqa.selenium.remote.codec.w3c.W3CHttpResponseCodec.decode(W3CHttpResponseCodec.java:133)
	at org.openqa.selenium.remote.codec.w3c.W3CHttpResponseCodec.decode(W3CHttpResponseCodec.java:52)
	at org.openqa.selenium.remote.HttpCommandExecutor.execute(HttpCommandExecutor.java:191)
	at org.openqa.selenium.remote.service.DriverCommandExecutor.invokeExecute(DriverCommandExecutor.java:196)
	at org.openqa.selenium.remote.service.DriverCommandExecutor.execute(DriverCommandExecutor.java:171)
	at org.openqa.selenium.remote.RemoteWebDriver.execute(RemoteWebDriver.java:602)
	at org.openqa.selenium.remote.ElementLocation$ElementFinder$2.findElement(ElementLocation.java:165)
	at org.openqa.selenium.remote.ElementLocation.findElement(ElementLocation.java:59)
	at org.openqa.selenium.remote.RemoteWebDriver.findElement(RemoteWebDriver.java:359)
	at org.openqa.selenium.remote.RemoteWebDriver.findElement(RemoteWebDriver.java:353)
	at org.openqa.selenium.support.pagefactory.DefaultElementLocator.findElement(DefaultElementLocator.java:68)
	at org.openqa.selenium.support.pagefactory.internal.LocatingElementHandler.invoke(LocatingElementHandler.java:38)
	at jdk.proxy2/jdk.proxy2.$Proxy31.getWrappedElement(Unknown Source)
	at org.openqa.selenium.remote.internal.WebElementToJsonConverter.apply(WebElementToJsonConverter.java:51)
	at java.base/java.util.stream.ReferencePipeline$3$1.accept(ReferencePipeline.java:197)
	at java.base/java.util.Spliterators$ArraySpliterator.forEachRemaining(Spliterators.java:992)
	at java.base/java.util.stream.AbstractPipeline.copyInto(AbstractPipeline.java:509)
	at java.base/java.util.stream.AbstractPipeline.wrapAndCopyInto(AbstractPipeline.java:499)
	at java.base/java.util.stream.ReduceOps$ReduceOp.evaluateSequential(ReduceOps.java:921)
	at java.base/java.util.stream.AbstractPipeline.evaluate(AbstractPipeline.java:234)
	at java.base/java.util.stream.ReferencePipeline.collect(ReferencePipeline.java:682)
	at org.openqa.selenium.remote.RemoteWebDriver.executeScript(RemoteWebDriver.java:465)
	at pageObjects.PatientObject.personalInfo(PatientObject.java:119)
	at stepDefinitions.PatientObjectSD.patient_enters_gender_race_and_on_personal_information(PatientObjectSD.java:40)
	at ✽.Patient enters "Kelly","Rob",Gender, Race, "11/1/2023" and  "atena4656" on personal information(file:///Users/kalai/Documents/GitLab/Sepsis-Application/src/test/resources/features/02patientObject.feature:7)
&amp#27;[0m

    Embedding My screenshot [image/png 277221 bytes]

  &amp#27;[36mThen &amp#27;[0m&amp#27;[36mPatient can see the &amp#27;[0m&amp#27;[36m&amp#27;[1m"Kelly"&amp#27;[0m&amp#27;[36m,&amp#27;[0m&amp#27;[36m&amp#27;[1m"Rob"&amp#27;[0m&amp#27;[36m,&amp#27;[0m&amp#27;[36m&amp#27;[1m"11/1/2023"&amp#27;[0m&amp#27;[36m,&amp#27;[0m&amp#27;[36m&amp#27;[1m"atena4656"&amp#27;[0m&amp#27;[36mand other details entered on personal information&amp#27;[0m &amp#27;[90m# stepDefinitions.PatientObjectSD.patient_can_see_the_and_other_details_entered_on_personal_information(java.lang.String,java.lang.String,java.lang.String,java.lang.String)&amp#27;[0m
]]></system-out>
  </testcase>
  <testcase name="runScenario[&quot;Validating the contactinfo&quot;, &quot;Validating the New Patient information&quot;](3)" classname="runner.TestRunnertestNG" time="0.791">
    <system-out><![CDATA[
@NewPatientInformation @TS_02_ValidateContactInfo
Scenario Outline: Validating the contactinfo                                                                                                                   &amp#27;[90m# src/test/resources/features/02patientObject.feature:24&amp#27;[0m
  &amp#27;[32mGiven &amp#27;[0m&amp#27;[32mPatient is on same patient form&amp#27;[0m                                                                                                                        &amp#27;[90m# stepDefinitions.PatientObjectSD.patient_is_on_same_patient_form()&amp#27;[0m
  &amp#27;[32mWhen &amp#27;[0m&amp#27;[32mPatient enters the &amp#27;[0m&amp#27;[32m&amp#27;[1m"815-456-9999"&amp#27;[0m&amp#27;[32m , &amp#27;[0m&amp#27;[32m&amp#27;[1m"numpyninjaworkforce@gmail.com"&amp#27;[0m&amp#27;[32m, &amp#27;[0m&amp#27;[32m&amp#27;[1m"United States"&amp#27;[0m&amp#27;[32m, &amp#27;[0m&amp#27;[32m&amp#27;[1m"Egmore St"&amp#27;[0m&amp#27;[32m,&amp#27;[0m&amp#27;[32m&amp#27;[1m"Bayarea"&amp#27;[0m&amp#27;[32m and &amp#27;[0m&amp#27;[32m&amp#27;[1m"77433"&amp#27;[0m&amp#27;[32m on contact information&amp#27;[0m          &amp#27;[90m# stepDefinitions.PatientObjectSD.patient_enters_the_and_on_contact_information(java.lang.String,java.lang.String,java.lang.String,java.lang.String,java.lang.String,java.lang.String)&amp#27;[0m
  &amp#27;[32mThen &amp#27;[0m&amp#27;[32mPatient can see the &amp#27;[0m&amp#27;[32m&amp#27;[1m"815-456-9999"&amp#27;[0m&amp#27;[32m , &amp#27;[0m&amp#27;[32m&amp#27;[1m"numpyninjaworkforce@gmail.com"&amp#27;[0m&amp#27;[32m, &amp#27;[0m&amp#27;[32m&amp#27;[1m"United States"&amp#27;[0m&amp#27;[32m, &amp#27;[0m&amp#27;[32m&amp#27;[1m"Egmore St"&amp#27;[0m&amp#27;[32m,&amp#27;[0m&amp#27;[32m&amp#27;[1m"Bayarea"&amp#27;[0m&amp#27;[32m and &amp#27;[0m&amp#27;[32m&amp#27;[1m"77433"&amp#27;[0m&amp#27;[32m entered on contact information&amp#27;[0m &amp#27;[90m# stepDefinitions.PatientObjectSD.patient_can_see_the_and_entered_on_contact_information(java.lang.String,java.lang.String,java.lang.String,java.lang.String,java.lang.String,java.lang.String)&amp#27;[0m
]]></system-out>
  </testcase>
  <testcase name="runScenario[&quot;Validating the contactinfo&quot;, &quot;Validating the New Patient information&quot;](3)" classname="runner.TestRunnertestNG" time="0.337">
    <failure message="invalid session id&#10;Build info: version: &apos;4.12.0&apos;, revision: &apos;249f2a7d1b*&apos;&#10;System info: os.name: &apos;Mac OS X&apos;, os.arch: &apos;aarch64&apos;, os.version: &apos;13.4&apos;, java.version: &apos;17.0.6&apos;&#10;Driver info: org.openqa.selenium.chrome.ChromeDriver&#10;Command: [ea6e157aa13b08210ef9902188bd5b37, findElement {using=xpath, value=//input[@name=&apos;Phone__c&apos;]}]&#10;Capabilities {acceptInsecureCerts: false, browserName: chrome, browserVersion: 120.0.6099.129, chrome: {chromedriverVersion: 120.0.6099.109 (3419140ab66..., userDataDir: /var/folders/r3/5_bhvqb55bq...}, fedcm:accounts: true, goog:chromeOptions: {debuggerAddress: localhost:51078}, networkConnectionEnabled: false, pageLoadStrategy: normal, platformName: mac, proxy: Proxy(), se:cdp: ws://localhost:51078/devtoo..., se:cdpVersion: 120.0.6099.129, setWindowRect: true, strictFileInteractability: false, timeouts: {implicit: 0, pageLoad: 300000, script: 30000}, unhandledPromptBehavior: dismiss and notify, webauthn:extension:credBlob: true, webauthn:extension:largeBlob: true, webauthn:extension:minPinLength: true, webauthn:extension:prf: true, webauthn:virtualAuthenticators: true}&#10;Session ID: ea6e157aa13b08210ef9902188bd5b37" type="org.openqa.selenium.NoSuchSessionException"><![CDATA[org.openqa.selenium.NoSuchSessionException: 
invalid session id
Build info: version: '4.12.0', revision: '249f2a7d1b*'
System info: os.name: 'Mac OS X', os.arch: 'aarch64', os.version: '13.4', java.version: '17.0.6'
Driver info: org.openqa.selenium.chrome.ChromeDriver
Command: [ea6e157aa13b08210ef9902188bd5b37, findElement {using=xpath, value=//input[@name='Phone__c']}]
Capabilities {acceptInsecureCerts: false, browserName: chrome, browserVersion: 120.0.6099.129, chrome: {chromedriverVersion: 120.0.6099.109 (3419140ab66..., userDataDir: /var/folders/r3/5_bhvqb55bq...}, fedcm:accounts: true, goog:chromeOptions: {debuggerAddress: localhost:51078}, networkConnectionEnabled: false, pageLoadStrategy: normal, platformName: mac, proxy: Proxy(), se:cdp: ws://localhost:51078/devtoo..., se:cdpVersion: 120.0.6099.129, setWindowRect: true, strictFileInteractability: false, timeouts: {implicit: 0, pageLoad: 300000, script: 30000}, unhandledPromptBehavior: dismiss and notify, webauthn:extension:credBlob: true, webauthn:extension:largeBlob: true, webauthn:extension:minPinLength: true, webauthn:extension:prf: true, webauthn:virtualAuthenticators: true}
Session ID: ea6e157aa13b08210ef9902188bd5b37
	at java.base/jdk.internal.reflect.NativeConstructorAccessorImpl.newInstance0(Native Method)
	at java.base/jdk.internal.reflect.NativeConstructorAccessorImpl.newInstance(NativeConstructorAccessorImpl.java:77)
	at java.base/jdk.internal.reflect.DelegatingConstructorAccessorImpl.newInstance(DelegatingConstructorAccessorImpl.java:45)
	at java.base/java.lang.reflect.Constructor.newInstanceWithCaller(Constructor.java:499)
	at java.base/java.lang.reflect.Constructor.newInstance(Constructor.java:480)
	at org.openqa.selenium.remote.codec.w3c.W3CHttpResponseCodec.createException(W3CHttpResponseCodec.java:200)
	at org.openqa.selenium.remote.codec.w3c.W3CHttpResponseCodec.decode(W3CHttpResponseCodec.java:133)
	at org.openqa.selenium.remote.codec.w3c.W3CHttpResponseCodec.decode(W3CHttpResponseCodec.java:52)
	at org.openqa.selenium.remote.HttpCommandExecutor.execute(HttpCommandExecutor.java:191)
	at org.openqa.selenium.remote.service.DriverCommandExecutor.invokeExecute(DriverCommandExecutor.java:196)
	at org.openqa.selenium.remote.service.DriverCommandExecutor.execute(DriverCommandExecutor.java:171)
	at org.openqa.selenium.remote.RemoteWebDriver.execute(RemoteWebDriver.java:602)
	at org.openqa.selenium.remote.ElementLocation$ElementFinder$2.findElement(ElementLocation.java:165)
	at org.openqa.selenium.remote.ElementLocation.findElement(ElementLocation.java:59)
	at org.openqa.selenium.remote.RemoteWebDriver.findElement(RemoteWebDriver.java:359)
	at org.openqa.selenium.remote.RemoteWebDriver.findElement(RemoteWebDriver.java:353)
	at org.openqa.selenium.support.pagefactory.DefaultElementLocator.findElement(DefaultElementLocator.java:68)
	at org.openqa.selenium.support.pagefactory.internal.LocatingElementHandler.invoke(LocatingElementHandler.java:38)
	at jdk.proxy2/jdk.proxy2.$Proxy31.getWrappedElement(Unknown Source)
	at org.openqa.selenium.remote.internal.WebElementToJsonConverter.apply(WebElementToJsonConverter.java:51)
	at java.base/java.util.stream.ReferencePipeline$3$1.accept(ReferencePipeline.java:197)
	at java.base/java.util.Spliterators$ArraySpliterator.forEachRemaining(Spliterators.java:992)
	at java.base/java.util.stream.AbstractPipeline.copyInto(AbstractPipeline.java:509)
	at java.base/java.util.stream.AbstractPipeline.wrapAndCopyInto(AbstractPipeline.java:499)
	at java.base/java.util.stream.ReduceOps$ReduceOp.evaluateSequential(ReduceOps.java:921)
	at java.base/java.util.stream.AbstractPipeline.evaluate(AbstractPipeline.java:234)
	at java.base/java.util.stream.ReferencePipeline.collect(ReferencePipeline.java:682)
	at org.openqa.selenium.remote.RemoteWebDriver.executeScript(RemoteWebDriver.java:465)
	at pageObjects.PatientObject.ContactInfo(PatientObject.java:156)
	at stepDefinitions.PatientObjectSD.patient_enters_the_and_on_contact_information(PatientObjectSD.java:64)
	at ✽.Patient enters the "815-456-9999" , "numpyninjaworkforce@gmail.com", "United States", "Egmore St","Bayarea" and "77433" on contact information(file:///Users/kalai/Documents/GitLab/Sepsis-Application/src/test/resources/features/02patientObject.feature:18)
]]></failure>
    <system-out><![CDATA[
@NewPatientInformation @TS_02_ValidateContactInfo
Scenario Outline: Validating the contactinfo                                                                                                                   &amp#27;[90m# src/test/resources/features/02patientObject.feature:24&amp#27;[0m
  &amp#27;[32mGiven &amp#27;[0m&amp#27;[32mPatient is on same patient form&amp#27;[0m                                                                                                                        &amp#27;[90m# stepDefinitions.PatientObjectSD.patient_is_on_same_patient_form()&amp#27;[0m
  &amp#27;[31mWhen &amp#27;[0m&amp#27;[31mPatient enters the &amp#27;[0m&amp#27;[31m&amp#27;[1m"815-456-9999"&amp#27;[0m&amp#27;[31m , &amp#27;[0m&amp#27;[31m&amp#27;[1m"numpyninjaworkforce@gmail.com"&amp#27;[0m&amp#27;[31m, &amp#27;[0m&amp#27;[31m&amp#27;[1m"United States"&amp#27;[0m&amp#27;[31m, &amp#27;[0m&amp#27;[31m&amp#27;[1m"Egmore St"&amp#27;[0m&amp#27;[31m,&amp#27;[0m&amp#27;[31m&amp#27;[1m"Bayarea"&amp#27;[0m&amp#27;[31m and &amp#27;[0m&amp#27;[31m&amp#27;[1m"77433"&amp#27;[0m&amp#27;[31m on contact information&amp#27;[0m          &amp#27;[90m# stepDefinitions.PatientObjectSD.patient_enters_the_and_on_contact_information(java.lang.String,java.lang.String,java.lang.String,java.lang.String,java.lang.String,java.lang.String)&amp#27;[0m
      &amp#27;[31morg.openqa.selenium.NoSuchSessionException: invalid session id
Build info: version: '4.12.0', revision: '249f2a7d1b*'
System info: os.name: 'Mac OS X', os.arch: 'aarch64', os.version: '13.4', java.version: '17.0.6'
Driver info: org.openqa.selenium.chrome.ChromeDriver
Command: [ea6e157aa13b08210ef9902188bd5b37, findElement {using=xpath, value=//input[@name='Phone__c']}]
Capabilities {acceptInsecureCerts: false, browserName: chrome, browserVersion: 120.0.6099.129, chrome: {chromedriverVersion: 120.0.6099.109 (3419140ab66..., userDataDir: /var/folders/r3/5_bhvqb55bq...}, fedcm:accounts: true, goog:chromeOptions: {debuggerAddress: localhost:51078}, networkConnectionEnabled: false, pageLoadStrategy: normal, platformName: mac, proxy: Proxy(), se:cdp: ws://localhost:51078/devtoo..., se:cdpVersion: 120.0.6099.129, setWindowRect: true, strictFileInteractability: false, timeouts: {implicit: 0, pageLoad: 300000, script: 30000}, unhandledPromptBehavior: dismiss and notify, webauthn:extension:credBlob: true, webauthn:extension:largeBlob: true, webauthn:extension:minPinLength: true, webauthn:extension:prf: true, webauthn:virtualAuthenticators: true}
Session ID: ea6e157aa13b08210ef9902188bd5b37
	at java.base/jdk.internal.reflect.NativeConstructorAccessorImpl.newInstance0(Native Method)
	at java.base/jdk.internal.reflect.NativeConstructorAccessorImpl.newInstance(NativeConstructorAccessorImpl.java:77)
	at java.base/jdk.internal.reflect.DelegatingConstructorAccessorImpl.newInstance(DelegatingConstructorAccessorImpl.java:45)
	at java.base/java.lang.reflect.Constructor.newInstanceWithCaller(Constructor.java:499)
	at java.base/java.lang.reflect.Constructor.newInstance(Constructor.java:480)
	at org.openqa.selenium.remote.codec.w3c.W3CHttpResponseCodec.createException(W3CHttpResponseCodec.java:200)
	at org.openqa.selenium.remote.codec.w3c.W3CHttpResponseCodec.decode(W3CHttpResponseCodec.java:133)
	at org.openqa.selenium.remote.codec.w3c.W3CHttpResponseCodec.decode(W3CHttpResponseCodec.java:52)
	at org.openqa.selenium.remote.HttpCommandExecutor.execute(HttpCommandExecutor.java:191)
	at org.openqa.selenium.remote.service.DriverCommandExecutor.invokeExecute(DriverCommandExecutor.java:196)
	at org.openqa.selenium.remote.service.DriverCommandExecutor.execute(DriverCommandExecutor.java:171)
	at org.openqa.selenium.remote.RemoteWebDriver.execute(RemoteWebDriver.java:602)
	at org.openqa.selenium.remote.ElementLocation$ElementFinder$2.findElement(ElementLocation.java:165)
	at org.openqa.selenium.remote.ElementLocation.findElement(ElementLocation.java:59)
	at org.openqa.selenium.remote.RemoteWebDriver.findElement(RemoteWebDriver.java:359)
	at org.openqa.selenium.remote.RemoteWebDriver.findElement(RemoteWebDriver.java:353)
	at org.openqa.selenium.support.pagefactory.DefaultElementLocator.findElement(DefaultElementLocator.java:68)
	at org.openqa.selenium.support.pagefactory.internal.LocatingElementHandler.invoke(LocatingElementHandler.java:38)
	at jdk.proxy2/jdk.proxy2.$Proxy31.getWrappedElement(Unknown Source)
	at org.openqa.selenium.remote.internal.WebElementToJsonConverter.apply(WebElementToJsonConverter.java:51)
	at java.base/java.util.stream.ReferencePipeline$3$1.accept(ReferencePipeline.java:197)
	at java.base/java.util.Spliterators$ArraySpliterator.forEachRemaining(Spliterators.java:992)
	at java.base/java.util.stream.AbstractPipeline.copyInto(AbstractPipeline.java:509)
	at java.base/java.util.stream.AbstractPipeline.wrapAndCopyInto(AbstractPipeline.java:499)
	at java.base/java.util.stream.ReduceOps$ReduceOp.evaluateSequential(ReduceOps.java:921)
	at java.base/java.util.stream.AbstractPipeline.evaluate(AbstractPipeline.java:234)
	at java.base/java.util.stream.ReferencePipeline.collect(ReferencePipeline.java:682)
	at org.openqa.selenium.remote.RemoteWebDriver.executeScript(RemoteWebDriver.java:465)
	at pageObjects.PatientObject.ContactInfo(PatientObject.java:156)
	at stepDefinitions.PatientObjectSD.patient_enters_the_and_on_contact_information(PatientObjectSD.java:64)
	at ✽.Patient enters the "815-456-9999" , "numpyninjaworkforce@gmail.com", "United States", "Egmore St","Bayarea" and "77433" on contact information(file:///Users/kalai/Documents/GitLab/Sepsis-Application/src/test/resources/features/02patientObject.feature:18)
&amp#27;[0m

    Embedding My screenshot [image/png 277221 bytes]

  &amp#27;[36mThen &amp#27;[0m&amp#27;[36mPatient can see the &amp#27;[0m&amp#27;[36m&amp#27;[1m"815-456-9999"&amp#27;[0m&amp#27;[36m , &amp#27;[0m&amp#27;[36m&amp#27;[1m"numpyninjaworkforce@gmail.com"&amp#27;[0m&amp#27;[36m, &amp#27;[0m&amp#27;[36m&amp#27;[1m"United States"&amp#27;[0m&amp#27;[36m, &amp#27;[0m&amp#27;[36m&amp#27;[1m"Egmore St"&amp#27;[0m&amp#27;[36m,&amp#27;[0m&amp#27;[36m&amp#27;[1m"Bayarea"&amp#27;[0m&amp#27;[36m and &amp#27;[0m&amp#27;[36m&amp#27;[1m"77433"&amp#27;[0m&amp#27;[36m entered on contact information&amp#27;[0m &amp#27;[90m# stepDefinitions.PatientObjectSD.patient_can_see_the_and_entered_on_contact_information(java.lang.String,java.lang.String,java.lang.String,java.lang.String,java.lang.String,java.lang.String)&amp#27;[0m
]]></system-out>
  </testcase>
  <testcase name="runScenario[&quot;Validating the EmergencyContact&quot;, &quot;Validating the New Patient information&quot;](4)" classname="runner.TestRunnertestNG" time="0.368">
    <system-out><![CDATA[
@NewPatientInformation @TS_03_ValidateEmergencycontact
Scenario Outline: Validating the EmergencyContact                                     &amp#27;[90m# src/test/resources/features/02patientObject.feature:35&amp#27;[0m
  &amp#27;[32mGiven &amp#27;[0m&amp#27;[32mPatient is on same patient form&amp#27;[0m                                               &amp#27;[90m# stepDefinitions.PatientObjectSD.patient_is_on_same_patient_form()&amp#27;[0m
  &amp#27;[32mWhen &amp#27;[0m&amp#27;[32mPatient enters &amp#27;[0m&amp#27;[32m&amp#27;[1m"Kiya"&amp#27;[0m&amp#27;[32m and &amp#27;[0m&amp#27;[32m&amp#27;[1m"716-456-7890"&amp#27;[0m                                       &amp#27;[90m# stepDefinitions.PatientObjectSD.patient_enters(java.lang.String,java.lang.String)&amp#27;[0m
  &amp#27;[32mThen &amp#27;[0m&amp#27;[32mPatient can see the &amp#27;[0m&amp#27;[32m&amp#27;[1m"Kiya"&amp#27;[0m&amp#27;[32m and &amp#27;[0m&amp#27;[32m&amp#27;[1m"716-456-7890"&amp#27;[0m&amp#27;[32mentered on emergency contact info&amp#27;[0m &amp#27;[90m# stepDefinitions.PatientObjectSD.patient_can_see_the_and_entered_on_emergency_contact_info(java.lang.String,java.lang.String)&amp#27;[0m
]]></system-out>
  </testcase>
  <testcase name="runScenario[&quot;Validating the EmergencyContact&quot;, &quot;Validating the New Patient information&quot;](4)" classname="runner.TestRunnertestNG" time="0.324">
    <failure message="invalid session id&#10;Build info: version: &apos;4.12.0&apos;, revision: &apos;249f2a7d1b*&apos;&#10;System info: os.name: &apos;Mac OS X&apos;, os.arch: &apos;aarch64&apos;, os.version: &apos;13.4&apos;, java.version: &apos;17.0.6&apos;&#10;Driver info: org.openqa.selenium.chrome.ChromeDriver&#10;Command: [ea6e157aa13b08210ef9902188bd5b37, findElement {using=xpath, value=//input[@name=&apos;Full_Name__c&apos;]}]&#10;Capabilities {acceptInsecureCerts: false, browserName: chrome, browserVersion: 120.0.6099.129, chrome: {chromedriverVersion: 120.0.6099.109 (3419140ab66..., userDataDir: /var/folders/r3/5_bhvqb55bq...}, fedcm:accounts: true, goog:chromeOptions: {debuggerAddress: localhost:51078}, networkConnectionEnabled: false, pageLoadStrategy: normal, platformName: mac, proxy: Proxy(), se:cdp: ws://localhost:51078/devtoo..., se:cdpVersion: 120.0.6099.129, setWindowRect: true, strictFileInteractability: false, timeouts: {implicit: 0, pageLoad: 300000, script: 30000}, unhandledPromptBehavior: dismiss and notify, webauthn:extension:credBlob: true, webauthn:extension:largeBlob: true, webauthn:extension:minPinLength: true, webauthn:extension:prf: true, webauthn:virtualAuthenticators: true}&#10;Session ID: ea6e157aa13b08210ef9902188bd5b37" type="org.openqa.selenium.NoSuchSessionException"><![CDATA[org.openqa.selenium.NoSuchSessionException: 
invalid session id
Build info: version: '4.12.0', revision: '249f2a7d1b*'
System info: os.name: 'Mac OS X', os.arch: 'aarch64', os.version: '13.4', java.version: '17.0.6'
Driver info: org.openqa.selenium.chrome.ChromeDriver
Command: [ea6e157aa13b08210ef9902188bd5b37, findElement {using=xpath, value=//input[@name='Full_Name__c']}]
Capabilities {acceptInsecureCerts: false, browserName: chrome, browserVersion: 120.0.6099.129, chrome: {chromedriverVersion: 120.0.6099.109 (3419140ab66..., userDataDir: /var/folders/r3/5_bhvqb55bq...}, fedcm:accounts: true, goog:chromeOptions: {debuggerAddress: localhost:51078}, networkConnectionEnabled: false, pageLoadStrategy: normal, platformName: mac, proxy: Proxy(), se:cdp: ws://localhost:51078/devtoo..., se:cdpVersion: 120.0.6099.129, setWindowRect: true, strictFileInteractability: false, timeouts: {implicit: 0, pageLoad: 300000, script: 30000}, unhandledPromptBehavior: dismiss and notify, webauthn:extension:credBlob: true, webauthn:extension:largeBlob: true, webauthn:extension:minPinLength: true, webauthn:extension:prf: true, webauthn:virtualAuthenticators: true}
Session ID: ea6e157aa13b08210ef9902188bd5b37
	at java.base/jdk.internal.reflect.NativeConstructorAccessorImpl.newInstance0(Native Method)
	at java.base/jdk.internal.reflect.NativeConstructorAccessorImpl.newInstance(NativeConstructorAccessorImpl.java:77)
	at java.base/jdk.internal.reflect.DelegatingConstructorAccessorImpl.newInstance(DelegatingConstructorAccessorImpl.java:45)
	at java.base/java.lang.reflect.Constructor.newInstanceWithCaller(Constructor.java:499)
	at java.base/java.lang.reflect.Constructor.newInstance(Constructor.java:480)
	at org.openqa.selenium.remote.codec.w3c.W3CHttpResponseCodec.createException(W3CHttpResponseCodec.java:200)
	at org.openqa.selenium.remote.codec.w3c.W3CHttpResponseCodec.decode(W3CHttpResponseCodec.java:133)
	at org.openqa.selenium.remote.codec.w3c.W3CHttpResponseCodec.decode(W3CHttpResponseCodec.java:52)
	at org.openqa.selenium.remote.HttpCommandExecutor.execute(HttpCommandExecutor.java:191)
	at org.openqa.selenium.remote.service.DriverCommandExecutor.invokeExecute(DriverCommandExecutor.java:196)
	at org.openqa.selenium.remote.service.DriverCommandExecutor.execute(DriverCommandExecutor.java:171)
	at org.openqa.selenium.remote.RemoteWebDriver.execute(RemoteWebDriver.java:602)
	at org.openqa.selenium.remote.ElementLocation$ElementFinder$2.findElement(ElementLocation.java:165)
	at org.openqa.selenium.remote.ElementLocation.findElement(ElementLocation.java:59)
	at org.openqa.selenium.remote.RemoteWebDriver.findElement(RemoteWebDriver.java:359)
	at org.openqa.selenium.remote.RemoteWebDriver.findElement(RemoteWebDriver.java:353)
	at org.openqa.selenium.support.pagefactory.DefaultElementLocator.findElement(DefaultElementLocator.java:68)
	at org.openqa.selenium.support.pagefactory.internal.LocatingElementHandler.invoke(LocatingElementHandler.java:38)
	at jdk.proxy2/jdk.proxy2.$Proxy31.getWrappedElement(Unknown Source)
	at org.openqa.selenium.remote.internal.WebElementToJsonConverter.apply(WebElementToJsonConverter.java:51)
	at java.base/java.util.stream.ReferencePipeline$3$1.accept(ReferencePipeline.java:197)
	at java.base/java.util.Spliterators$ArraySpliterator.forEachRemaining(Spliterators.java:992)
	at java.base/java.util.stream.AbstractPipeline.copyInto(AbstractPipeline.java:509)
	at java.base/java.util.stream.AbstractPipeline.wrapAndCopyInto(AbstractPipeline.java:499)
	at java.base/java.util.stream.ReduceOps$ReduceOp.evaluateSequential(ReduceOps.java:921)
	at java.base/java.util.stream.AbstractPipeline.evaluate(AbstractPipeline.java:234)
	at java.base/java.util.stream.ReferencePipeline.collect(ReferencePipeline.java:682)
	at org.openqa.selenium.remote.RemoteWebDriver.executeScript(RemoteWebDriver.java:465)
	at pageObjects.PatientObject.emergencyInfo(PatientObject.java:203)
	at stepDefinitions.PatientObjectSD.patient_enters(PatientObjectSD.java:87)
	at ✽.Patient enters "Kiya" and "716-456-7890"(file:///Users/kalai/Documents/GitLab/Sepsis-Application/src/test/resources/features/02patientObject.feature:29)
]]></failure>
    <system-out><![CDATA[
@NewPatientInformation @TS_03_ValidateEmergencycontact
Scenario Outline: Validating the EmergencyContact                                     &amp#27;[90m# src/test/resources/features/02patientObject.feature:35&amp#27;[0m
  &amp#27;[32mGiven &amp#27;[0m&amp#27;[32mPatient is on same patient form&amp#27;[0m                                               &amp#27;[90m# stepDefinitions.PatientObjectSD.patient_is_on_same_patient_form()&amp#27;[0m
  &amp#27;[31mWhen &amp#27;[0m&amp#27;[31mPatient enters &amp#27;[0m&amp#27;[31m&amp#27;[1m"Kiya"&amp#27;[0m&amp#27;[31m and &amp#27;[0m&amp#27;[31m&amp#27;[1m"716-456-7890"&amp#27;[0m                                       &amp#27;[90m# stepDefinitions.PatientObjectSD.patient_enters(java.lang.String,java.lang.String)&amp#27;[0m
      &amp#27;[31morg.openqa.selenium.NoSuchSessionException: invalid session id
Build info: version: '4.12.0', revision: '249f2a7d1b*'
System info: os.name: 'Mac OS X', os.arch: 'aarch64', os.version: '13.4', java.version: '17.0.6'
Driver info: org.openqa.selenium.chrome.ChromeDriver
Command: [ea6e157aa13b08210ef9902188bd5b37, findElement {using=xpath, value=//input[@name='Full_Name__c']}]
Capabilities {acceptInsecureCerts: false, browserName: chrome, browserVersion: 120.0.6099.129, chrome: {chromedriverVersion: 120.0.6099.109 (3419140ab66..., userDataDir: /var/folders/r3/5_bhvqb55bq...}, fedcm:accounts: true, goog:chromeOptions: {debuggerAddress: localhost:51078}, networkConnectionEnabled: false, pageLoadStrategy: normal, platformName: mac, proxy: Proxy(), se:cdp: ws://localhost:51078/devtoo..., se:cdpVersion: 120.0.6099.129, setWindowRect: true, strictFileInteractability: false, timeouts: {implicit: 0, pageLoad: 300000, script: 30000}, unhandledPromptBehavior: dismiss and notify, webauthn:extension:credBlob: true, webauthn:extension:largeBlob: true, webauthn:extension:minPinLength: true, webauthn:extension:prf: true, webauthn:virtualAuthenticators: true}
Session ID: ea6e157aa13b08210ef9902188bd5b37
	at java.base/jdk.internal.reflect.NativeConstructorAccessorImpl.newInstance0(Native Method)
	at java.base/jdk.internal.reflect.NativeConstructorAccessorImpl.newInstance(NativeConstructorAccessorImpl.java:77)
	at java.base/jdk.internal.reflect.DelegatingConstructorAccessorImpl.newInstance(DelegatingConstructorAccessorImpl.java:45)
	at java.base/java.lang.reflect.Constructor.newInstanceWithCaller(Constructor.java:499)
	at java.base/java.lang.reflect.Constructor.newInstance(Constructor.java:480)
	at org.openqa.selenium.remote.codec.w3c.W3CHttpResponseCodec.createException(W3CHttpResponseCodec.java:200)
	at org.openqa.selenium.remote.codec.w3c.W3CHttpResponseCodec.decode(W3CHttpResponseCodec.java:133)
	at org.openqa.selenium.remote.codec.w3c.W3CHttpResponseCodec.decode(W3CHttpResponseCodec.java:52)
	at org.openqa.selenium.remote.HttpCommandExecutor.execute(HttpCommandExecutor.java:191)
	at org.openqa.selenium.remote.service.DriverCommandExecutor.invokeExecute(DriverCommandExecutor.java:196)
	at org.openqa.selenium.remote.service.DriverCommandExecutor.execute(DriverCommandExecutor.java:171)
	at org.openqa.selenium.remote.RemoteWebDriver.execute(RemoteWebDriver.java:602)
	at org.openqa.selenium.remote.ElementLocation$ElementFinder$2.findElement(ElementLocation.java:165)
	at org.openqa.selenium.remote.ElementLocation.findElement(ElementLocation.java:59)
	at org.openqa.selenium.remote.RemoteWebDriver.findElement(RemoteWebDriver.java:359)
	at org.openqa.selenium.remote.RemoteWebDriver.findElement(RemoteWebDriver.java:353)
	at org.openqa.selenium.support.pagefactory.DefaultElementLocator.findElement(DefaultElementLocator.java:68)
	at org.openqa.selenium.support.pagefactory.internal.LocatingElementHandler.invoke(LocatingElementHandler.java:38)
	at jdk.proxy2/jdk.proxy2.$Proxy31.getWrappedElement(Unknown Source)
	at org.openqa.selenium.remote.internal.WebElementToJsonConverter.apply(WebElementToJsonConverter.java:51)
	at java.base/java.util.stream.ReferencePipeline$3$1.accept(ReferencePipeline.java:197)
	at java.base/java.util.Spliterators$ArraySpliterator.forEachRemaining(Spliterators.java:992)
	at java.base/java.util.stream.AbstractPipeline.copyInto(AbstractPipeline.java:509)
	at java.base/java.util.stream.AbstractPipeline.wrapAndCopyInto(AbstractPipeline.java:499)
	at java.base/java.util.stream.ReduceOps$ReduceOp.evaluateSequential(ReduceOps.java:921)
	at java.base/java.util.stream.AbstractPipeline.evaluate(AbstractPipeline.java:234)
	at java.base/java.util.stream.ReferencePipeline.collect(ReferencePipeline.java:682)
	at org.openqa.selenium.remote.RemoteWebDriver.executeScript(RemoteWebDriver.java:465)
	at pageObjects.PatientObject.emergencyInfo(PatientObject.java:203)
	at stepDefinitions.PatientObjectSD.patient_enters(PatientObjectSD.java:87)
	at ✽.Patient enters "Kiya" and "716-456-7890"(file:///Users/kalai/Documents/GitLab/Sepsis-Application/src/test/resources/features/02patientObject.feature:29)
&amp#27;[0m

    Embedding My screenshot [image/png 282937 bytes]

  &amp#27;[36mThen &amp#27;[0m&amp#27;[36mPatient can see the &amp#27;[0m&amp#27;[36m&amp#27;[1m"Kiya"&amp#27;[0m&amp#27;[36m and &amp#27;[0m&amp#27;[36m&amp#27;[1m"716-456-7890"&amp#27;[0m&amp#27;[36mentered on emergency contact info&amp#27;[0m &amp#27;[90m# stepDefinitions.PatientObjectSD.patient_can_see_the_and_entered_on_emergency_contact_info(java.lang.String,java.lang.String)&amp#27;[0m
]]></system-out>
  </testcase>
  <testcase name="runScenario[&quot;Validating the ProviderInformation&quot;, &quot;Validating the New Patient information&quot;](5)" classname="runner.TestRunnertestNG" time="0.605">
    <system-out><![CDATA[
@NewPatientInformation @TS_04_ValidateProviderInformation
Scenario Outline: Validating the ProviderInformation                                                                                         &amp#27;[90m# src/test/resources/features/02patientObject.feature:47&amp#27;[0m
  &amp#27;[32mGiven &amp#27;[0m&amp#27;[32mPatient is on same patient form&amp#27;[0m                                                                                                      &amp#27;[90m# stepDefinitions.PatientObjectSD.patient_is_on_same_patient_form()&amp#27;[0m
  &amp#27;[32mWhen &amp#27;[0m&amp#27;[32mPatient enters &amp#27;[0m&amp#27;[32m&amp#27;[1m"Klein"&amp#27;[0m&amp#27;[32m and &amp#27;[0m&amp#27;[32m&amp#27;[1m"321-456-7890"&amp#27;[0m&amp#27;[32m and &amp#27;[0m&amp#27;[32m&amp#27;[1m"BrightClinic"&amp#27;[0m&amp#27;[32m and &amp#27;[0m&amp#27;[32m&amp#27;[1m"numpyninjaworkforce@gmail.com"&amp#27;[0m                                      &amp#27;[90m# stepDefinitions.PatientObjectSD.patient_enters_and_and_and(java.lang.String,java.lang.String,java.lang.String,java.lang.String)&amp#27;[0m
  &amp#27;[32mThen &amp#27;[0m&amp#27;[32mPatient can see the &amp#27;[0m&amp#27;[32m&amp#27;[1m"Klein"&amp#27;[0m&amp#27;[32m and &amp#27;[0m&amp#27;[32m&amp#27;[1m"321-456-7890"&amp#27;[0m&amp#27;[32m and &amp#27;[0m&amp#27;[32m&amp#27;[1m"BrightClinic"&amp#27;[0m&amp#27;[32m and &amp#27;[0m&amp#27;[32m&amp#27;[1m"numpyninjaworkforce@gmail.com"&amp#27;[0m&amp#27;[32m entered on provider information&amp#27;[0m &amp#27;[90m# stepDefinitions.PatientObjectSD.patient_can_see_the_and_and_and_entered_on_provider_information(java.lang.String,java.lang.String,java.lang.String,java.lang.String)&amp#27;[0m
]]></system-out>
  </testcase>
  <testcase name="runScenario[&quot;Validating the ProviderInformation&quot;, &quot;Validating the New Patient information&quot;](5)" classname="runner.TestRunnertestNG" time="0.242">
    <failure message="invalid session id&#10;Build info: version: &apos;4.12.0&apos;, revision: &apos;249f2a7d1b*&apos;&#10;System info: os.name: &apos;Mac OS X&apos;, os.arch: &apos;aarch64&apos;, os.version: &apos;13.4&apos;, java.version: &apos;17.0.6&apos;&#10;Driver info: org.openqa.selenium.chrome.ChromeDriver&#10;Command: [ea6e157aa13b08210ef9902188bd5b37, findElement {using=xpath, value=//input[@name=&apos;Doctors_Name__c&apos;]}]&#10;Capabilities {acceptInsecureCerts: false, browserName: chrome, browserVersion: 120.0.6099.129, chrome: {chromedriverVersion: 120.0.6099.109 (3419140ab66..., userDataDir: /var/folders/r3/5_bhvqb55bq...}, fedcm:accounts: true, goog:chromeOptions: {debuggerAddress: localhost:51078}, networkConnectionEnabled: false, pageLoadStrategy: normal, platformName: mac, proxy: Proxy(), se:cdp: ws://localhost:51078/devtoo..., se:cdpVersion: 120.0.6099.129, setWindowRect: true, strictFileInteractability: false, timeouts: {implicit: 0, pageLoad: 300000, script: 30000}, unhandledPromptBehavior: dismiss and notify, webauthn:extension:credBlob: true, webauthn:extension:largeBlob: true, webauthn:extension:minPinLength: true, webauthn:extension:prf: true, webauthn:virtualAuthenticators: true}&#10;Session ID: ea6e157aa13b08210ef9902188bd5b37" type="org.openqa.selenium.NoSuchSessionException"><![CDATA[org.openqa.selenium.NoSuchSessionException: 
invalid session id
Build info: version: '4.12.0', revision: '249f2a7d1b*'
System info: os.name: 'Mac OS X', os.arch: 'aarch64', os.version: '13.4', java.version: '17.0.6'
Driver info: org.openqa.selenium.chrome.ChromeDriver
Command: [ea6e157aa13b08210ef9902188bd5b37, findElement {using=xpath, value=//input[@name='Doctors_Name__c']}]
Capabilities {acceptInsecureCerts: false, browserName: chrome, browserVersion: 120.0.6099.129, chrome: {chromedriverVersion: 120.0.6099.109 (3419140ab66..., userDataDir: /var/folders/r3/5_bhvqb55bq...}, fedcm:accounts: true, goog:chromeOptions: {debuggerAddress: localhost:51078}, networkConnectionEnabled: false, pageLoadStrategy: normal, platformName: mac, proxy: Proxy(), se:cdp: ws://localhost:51078/devtoo..., se:cdpVersion: 120.0.6099.129, setWindowRect: true, strictFileInteractability: false, timeouts: {implicit: 0, pageLoad: 300000, script: 30000}, unhandledPromptBehavior: dismiss and notify, webauthn:extension:credBlob: true, webauthn:extension:largeBlob: true, webauthn:extension:minPinLength: true, webauthn:extension:prf: true, webauthn:virtualAuthenticators: true}
Session ID: ea6e157aa13b08210ef9902188bd5b37
	at java.base/jdk.internal.reflect.NativeConstructorAccessorImpl.newInstance0(Native Method)
	at java.base/jdk.internal.reflect.NativeConstructorAccessorImpl.newInstance(NativeConstructorAccessorImpl.java:77)
	at java.base/jdk.internal.reflect.DelegatingConstructorAccessorImpl.newInstance(DelegatingConstructorAccessorImpl.java:45)
	at java.base/java.lang.reflect.Constructor.newInstanceWithCaller(Constructor.java:499)
	at java.base/java.lang.reflect.Constructor.newInstance(Constructor.java:480)
	at org.openqa.selenium.remote.codec.w3c.W3CHttpResponseCodec.createException(W3CHttpResponseCodec.java:200)
	at org.openqa.selenium.remote.codec.w3c.W3CHttpResponseCodec.decode(W3CHttpResponseCodec.java:133)
	at org.openqa.selenium.remote.codec.w3c.W3CHttpResponseCodec.decode(W3CHttpResponseCodec.java:52)
	at org.openqa.selenium.remote.HttpCommandExecutor.execute(HttpCommandExecutor.java:191)
	at org.openqa.selenium.remote.service.DriverCommandExecutor.invokeExecute(DriverCommandExecutor.java:196)
	at org.openqa.selenium.remote.service.DriverCommandExecutor.execute(DriverCommandExecutor.java:171)
	at org.openqa.selenium.remote.RemoteWebDriver.execute(RemoteWebDriver.java:602)
	at org.openqa.selenium.remote.ElementLocation$ElementFinder$2.findElement(ElementLocation.java:165)
	at org.openqa.selenium.remote.ElementLocation.findElement(ElementLocation.java:59)
	at org.openqa.selenium.remote.RemoteWebDriver.findElement(RemoteWebDriver.java:359)
	at org.openqa.selenium.remote.RemoteWebDriver.findElement(RemoteWebDriver.java:353)
	at org.openqa.selenium.support.pagefactory.DefaultElementLocator.findElement(DefaultElementLocator.java:68)
	at org.openqa.selenium.support.pagefactory.internal.LocatingElementHandler.invoke(LocatingElementHandler.java:38)
	at jdk.proxy2/jdk.proxy2.$Proxy31.click(Unknown Source)
	at pageObjects.PatientObject.providerInformation(PatientObject.java:229)
	at stepDefinitions.PatientObjectSD.patient_enters_and_and_and(PatientObjectSD.java:104)
	at ✽.Patient enters "Klein" and "321-456-7890" and "BrightClinic" and "numpyninjaworkforce@gmail.com"(file:///Users/kalai/Documents/GitLab/Sepsis-Application/src/test/resources/features/02patientObject.feature:41)
]]></failure>
    <system-out><![CDATA[
@NewPatientInformation @TS_04_ValidateProviderInformation
Scenario Outline: Validating the ProviderInformation                                                                                         &amp#27;[90m# src/test/resources/features/02patientObject.feature:47&amp#27;[0m
  &amp#27;[32mGiven &amp#27;[0m&amp#27;[32mPatient is on same patient form&amp#27;[0m                                                                                                      &amp#27;[90m# stepDefinitions.PatientObjectSD.patient_is_on_same_patient_form()&amp#27;[0m
  &amp#27;[31mWhen &amp#27;[0m&amp#27;[31mPatient enters &amp#27;[0m&amp#27;[31m&amp#27;[1m"Klein"&amp#27;[0m&amp#27;[31m and &amp#27;[0m&amp#27;[31m&amp#27;[1m"321-456-7890"&amp#27;[0m&amp#27;[31m and &amp#27;[0m&amp#27;[31m&amp#27;[1m"BrightClinic"&amp#27;[0m&amp#27;[31m and &amp#27;[0m&amp#27;[31m&amp#27;[1m"numpyninjaworkforce@gmail.com"&amp#27;[0m                                      &amp#27;[90m# stepDefinitions.PatientObjectSD.patient_enters_and_and_and(java.lang.String,java.lang.String,java.lang.String,java.lang.String)&amp#27;[0m
      &amp#27;[31morg.openqa.selenium.NoSuchSessionException: invalid session id
Build info: version: '4.12.0', revision: '249f2a7d1b*'
System info: os.name: 'Mac OS X', os.arch: 'aarch64', os.version: '13.4', java.version: '17.0.6'
Driver info: org.openqa.selenium.chrome.ChromeDriver
Command: [ea6e157aa13b08210ef9902188bd5b37, findElement {using=xpath, value=//input[@name='Doctors_Name__c']}]
Capabilities {acceptInsecureCerts: false, browserName: chrome, browserVersion: 120.0.6099.129, chrome: {chromedriverVersion: 120.0.6099.109 (3419140ab66..., userDataDir: /var/folders/r3/5_bhvqb55bq...}, fedcm:accounts: true, goog:chromeOptions: {debuggerAddress: localhost:51078}, networkConnectionEnabled: false, pageLoadStrategy: normal, platformName: mac, proxy: Proxy(), se:cdp: ws://localhost:51078/devtoo..., se:cdpVersion: 120.0.6099.129, setWindowRect: true, strictFileInteractability: false, timeouts: {implicit: 0, pageLoad: 300000, script: 30000}, unhandledPromptBehavior: dismiss and notify, webauthn:extension:credBlob: true, webauthn:extension:largeBlob: true, webauthn:extension:minPinLength: true, webauthn:extension:prf: true, webauthn:virtualAuthenticators: true}
Session ID: ea6e157aa13b08210ef9902188bd5b37
	at java.base/jdk.internal.reflect.NativeConstructorAccessorImpl.newInstance0(Native Method)
	at java.base/jdk.internal.reflect.NativeConstructorAccessorImpl.newInstance(NativeConstructorAccessorImpl.java:77)
	at java.base/jdk.internal.reflect.DelegatingConstructorAccessorImpl.newInstance(DelegatingConstructorAccessorImpl.java:45)
	at java.base/java.lang.reflect.Constructor.newInstanceWithCaller(Constructor.java:499)
	at java.base/java.lang.reflect.Constructor.newInstance(Constructor.java:480)
	at org.openqa.selenium.remote.codec.w3c.W3CHttpResponseCodec.createException(W3CHttpResponseCodec.java:200)
	at org.openqa.selenium.remote.codec.w3c.W3CHttpResponseCodec.decode(W3CHttpResponseCodec.java:133)
	at org.openqa.selenium.remote.codec.w3c.W3CHttpResponseCodec.decode(W3CHttpResponseCodec.java:52)
	at org.openqa.selenium.remote.HttpCommandExecutor.execute(HttpCommandExecutor.java:191)
	at org.openqa.selenium.remote.service.DriverCommandExecutor.invokeExecute(DriverCommandExecutor.java:196)
	at org.openqa.selenium.remote.service.DriverCommandExecutor.execute(DriverCommandExecutor.java:171)
	at org.openqa.selenium.remote.RemoteWebDriver.execute(RemoteWebDriver.java:602)
	at org.openqa.selenium.remote.ElementLocation$ElementFinder$2.findElement(ElementLocation.java:165)
	at org.openqa.selenium.remote.ElementLocation.findElement(ElementLocation.java:59)
	at org.openqa.selenium.remote.RemoteWebDriver.findElement(RemoteWebDriver.java:359)
	at org.openqa.selenium.remote.RemoteWebDriver.findElement(RemoteWebDriver.java:353)
	at org.openqa.selenium.support.pagefactory.DefaultElementLocator.findElement(DefaultElementLocator.java:68)
	at org.openqa.selenium.support.pagefactory.internal.LocatingElementHandler.invoke(LocatingElementHandler.java:38)
	at jdk.proxy2/jdk.proxy2.$Proxy31.click(Unknown Source)
	at pageObjects.PatientObject.providerInformation(PatientObject.java:229)
	at stepDefinitions.PatientObjectSD.patient_enters_and_and_and(PatientObjectSD.java:104)
	at ✽.Patient enters "Klein" and "321-456-7890" and "BrightClinic" and "numpyninjaworkforce@gmail.com"(file:///Users/kalai/Documents/GitLab/Sepsis-Application/src/test/resources/features/02patientObject.feature:41)
&amp#27;[0m

    Embedding My screenshot [image/png 282666 bytes]

  &amp#27;[36mThen &amp#27;[0m&amp#27;[36mPatient can see the &amp#27;[0m&amp#27;[36m&amp#27;[1m"Klein"&amp#27;[0m&amp#27;[36m and &amp#27;[0m&amp#27;[36m&amp#27;[1m"321-456-7890"&amp#27;[0m&amp#27;[36m and &amp#27;[0m&amp#27;[36m&amp#27;[1m"BrightClinic"&amp#27;[0m&amp#27;[36m and &amp#27;[0m&amp#27;[36m&amp#27;[1m"numpyninjaworkforce@gmail.com"&amp#27;[0m&amp#27;[36m entered on provider information&amp#27;[0m &amp#27;[90m# stepDefinitions.PatientObjectSD.patient_can_see_the_and_and_and_entered_on_provider_information(java.lang.String,java.lang.String,java.lang.String,java.lang.String)&amp#27;[0m
]]></system-out>
  </testcase>
  <testcase name="runScenario[&quot;Validating the EmergencyContact&quot;, &quot;Validating the New Patient information&quot;](6)" classname="runner.TestRunnertestNG" time="0.471">
    <system-out><![CDATA[
@NewPatientInformation @TS_05_ValidateMedicalHistory
Scenario Outline: Validating the EmergencyContact                      &amp#27;[90m# src/test/resources/features/02patientObject.feature:58&amp#27;[0m
  &amp#27;[32mGiven &amp#27;[0m&amp#27;[32mPatient is on same patient form&amp#27;[0m                                &amp#27;[90m# stepDefinitions.PatientObjectSD.patient_is_on_same_patient_form()&amp#27;[0m
  &amp#27;[32mWhen &amp#27;[0m&amp#27;[32mPatient enters &amp#27;[0m&amp#27;[32m&amp#27;[1m"12.00"&amp#27;[0m&amp#27;[32m and &amp#27;[0m&amp#27;[32m&amp#27;[1m"60"&amp#27;[0m&amp#27;[32m on medical history&amp#27;[0m              &amp#27;[90m# stepDefinitions.PatientObjectSD.patient_enters_and_on_medical_history(java.lang.String,java.lang.String)&amp#27;[0m
  &amp#27;[32mThen &amp#27;[0m&amp#27;[32mPatient can see the &amp#27;[0m&amp#27;[32m&amp#27;[1m"12.00"&amp#27;[0m&amp#27;[32m and &amp#27;[0m&amp#27;[32m&amp#27;[1m"60"&amp#27;[0m&amp#27;[32m entered on medical history&amp#27;[0m &amp#27;[90m# stepDefinitions.PatientObjectSD.patient_can_see_the_and_entered_on_medical_history(java.lang.String,java.lang.String)&amp#27;[0m
]]></system-out>
  </testcase>
  <testcase name="runScenario[&quot;Validating the EmergencyContact&quot;, &quot;Validating the New Patient information&quot;](6)" classname="runner.TestRunnertestNG" time="0.244">
    <failure message="invalid session id&#10;Build info: version: &apos;4.12.0&apos;, revision: &apos;249f2a7d1b*&apos;&#10;System info: os.name: &apos;Mac OS X&apos;, os.arch: &apos;aarch64&apos;, os.version: &apos;13.4&apos;, java.version: &apos;17.0.6&apos;&#10;Driver info: org.openqa.selenium.chrome.ChromeDriver&#10;Command: [ea6e157aa13b08210ef9902188bd5b37, findElement {using=xpath, value=//button[contains(@aria-label,&apos;Height&apos;)]}]&#10;Capabilities {acceptInsecureCerts: false, browserName: chrome, browserVersion: 120.0.6099.129, chrome: {chromedriverVersion: 120.0.6099.109 (3419140ab66..., userDataDir: /var/folders/r3/5_bhvqb55bq...}, fedcm:accounts: true, goog:chromeOptions: {debuggerAddress: localhost:51078}, networkConnectionEnabled: false, pageLoadStrategy: normal, platformName: mac, proxy: Proxy(), se:cdp: ws://localhost:51078/devtoo..., se:cdpVersion: 120.0.6099.129, setWindowRect: true, strictFileInteractability: false, timeouts: {implicit: 0, pageLoad: 300000, script: 30000}, unhandledPromptBehavior: dismiss and notify, webauthn:extension:credBlob: true, webauthn:extension:largeBlob: true, webauthn:extension:minPinLength: true, webauthn:extension:prf: true, webauthn:virtualAuthenticators: true}&#10;Session ID: ea6e157aa13b08210ef9902188bd5b37" type="org.openqa.selenium.NoSuchSessionException"><![CDATA[org.openqa.selenium.NoSuchSessionException: 
invalid session id
Build info: version: '4.12.0', revision: '249f2a7d1b*'
System info: os.name: 'Mac OS X', os.arch: 'aarch64', os.version: '13.4', java.version: '17.0.6'
Driver info: org.openqa.selenium.chrome.ChromeDriver
Command: [ea6e157aa13b08210ef9902188bd5b37, findElement {using=xpath, value=//button[contains(@aria-label,'Height')]}]
Capabilities {acceptInsecureCerts: false, browserName: chrome, browserVersion: 120.0.6099.129, chrome: {chromedriverVersion: 120.0.6099.109 (3419140ab66..., userDataDir: /var/folders/r3/5_bhvqb55bq...}, fedcm:accounts: true, goog:chromeOptions: {debuggerAddress: localhost:51078}, networkConnectionEnabled: false, pageLoadStrategy: normal, platformName: mac, proxy: Proxy(), se:cdp: ws://localhost:51078/devtoo..., se:cdpVersion: 120.0.6099.129, setWindowRect: true, strictFileInteractability: false, timeouts: {implicit: 0, pageLoad: 300000, script: 30000}, unhandledPromptBehavior: dismiss and notify, webauthn:extension:credBlob: true, webauthn:extension:largeBlob: true, webauthn:extension:minPinLength: true, webauthn:extension:prf: true, webauthn:virtualAuthenticators: true}
Session ID: ea6e157aa13b08210ef9902188bd5b37
	at java.base/jdk.internal.reflect.NativeConstructorAccessorImpl.newInstance0(Native Method)
	at java.base/jdk.internal.reflect.NativeConstructorAccessorImpl.newInstance(NativeConstructorAccessorImpl.java:77)
	at java.base/jdk.internal.reflect.DelegatingConstructorAccessorImpl.newInstance(DelegatingConstructorAccessorImpl.java:45)
	at java.base/java.lang.reflect.Constructor.newInstanceWithCaller(Constructor.java:499)
	at java.base/java.lang.reflect.Constructor.newInstance(Constructor.java:480)
	at org.openqa.selenium.remote.codec.w3c.W3CHttpResponseCodec.createException(W3CHttpResponseCodec.java:200)
	at org.openqa.selenium.remote.codec.w3c.W3CHttpResponseCodec.decode(W3CHttpResponseCodec.java:133)
	at org.openqa.selenium.remote.codec.w3c.W3CHttpResponseCodec.decode(W3CHttpResponseCodec.java:52)
	at org.openqa.selenium.remote.HttpCommandExecutor.execute(HttpCommandExecutor.java:191)
	at org.openqa.selenium.remote.service.DriverCommandExecutor.invokeExecute(DriverCommandExecutor.java:196)
	at org.openqa.selenium.remote.service.DriverCommandExecutor.execute(DriverCommandExecutor.java:171)
	at org.openqa.selenium.remote.RemoteWebDriver.execute(RemoteWebDriver.java:602)
	at org.openqa.selenium.remote.ElementLocation$ElementFinder$2.findElement(ElementLocation.java:165)
	at org.openqa.selenium.remote.ElementLocation.findElement(ElementLocation.java:59)
	at org.openqa.selenium.remote.RemoteWebDriver.findElement(RemoteWebDriver.java:359)
	at org.openqa.selenium.remote.RemoteWebDriver.findElement(RemoteWebDriver.java:353)
	at org.openqa.selenium.support.pagefactory.DefaultElementLocator.findElement(DefaultElementLocator.java:68)
	at org.openqa.selenium.support.pagefactory.internal.LocatingElementHandler.invoke(LocatingElementHandler.java:38)
	at jdk.proxy2/jdk.proxy2.$Proxy31.getWrappedElement(Unknown Source)
	at org.openqa.selenium.remote.internal.WebElementToJsonConverter.apply(WebElementToJsonConverter.java:51)
	at java.base/java.util.stream.ReferencePipeline$3$1.accept(ReferencePipeline.java:197)
	at java.base/java.util.Spliterators$ArraySpliterator.forEachRemaining(Spliterators.java:992)
	at java.base/java.util.stream.AbstractPipeline.copyInto(AbstractPipeline.java:509)
	at java.base/java.util.stream.AbstractPipeline.wrapAndCopyInto(AbstractPipeline.java:499)
	at java.base/java.util.stream.ReduceOps$ReduceOp.evaluateSequential(ReduceOps.java:921)
	at java.base/java.util.stream.AbstractPipeline.evaluate(AbstractPipeline.java:234)
	at java.base/java.util.stream.ReferencePipeline.collect(ReferencePipeline.java:682)
	at org.openqa.selenium.remote.RemoteWebDriver.executeScript(RemoteWebDriver.java:465)
	at pageObjects.PatientObject.medicalHistory(PatientObject.java:258)
	at stepDefinitions.PatientObjectSD.patient_enters_and_on_medical_history(PatientObjectSD.java:123)
	at ✽.Patient enters "12.00" and "60" on medical history(file:///Users/kalai/Documents/GitLab/Sepsis-Application/src/test/resources/features/02patientObject.feature:52)
]]></failure>
    <system-out><![CDATA[
@NewPatientInformation @TS_05_ValidateMedicalHistory
Scenario Outline: Validating the EmergencyContact                      &amp#27;[90m# src/test/resources/features/02patientObject.feature:58&amp#27;[0m
  &amp#27;[32mGiven &amp#27;[0m&amp#27;[32mPatient is on same patient form&amp#27;[0m                                &amp#27;[90m# stepDefinitions.PatientObjectSD.patient_is_on_same_patient_form()&amp#27;[0m
  &amp#27;[31mWhen &amp#27;[0m&amp#27;[31mPatient enters &amp#27;[0m&amp#27;[31m&amp#27;[1m"12.00"&amp#27;[0m&amp#27;[31m and &amp#27;[0m&amp#27;[31m&amp#27;[1m"60"&amp#27;[0m&amp#27;[31m on medical history&amp#27;[0m              &amp#27;[90m# stepDefinitions.PatientObjectSD.patient_enters_and_on_medical_history(java.lang.String,java.lang.String)&amp#27;[0m
      &amp#27;[31morg.openqa.selenium.NoSuchSessionException: invalid session id
Build info: version: '4.12.0', revision: '249f2a7d1b*'
System info: os.name: 'Mac OS X', os.arch: 'aarch64', os.version: '13.4', java.version: '17.0.6'
Driver info: org.openqa.selenium.chrome.ChromeDriver
Command: [ea6e157aa13b08210ef9902188bd5b37, findElement {using=xpath, value=//button[contains(@aria-label,'Height')]}]
Capabilities {acceptInsecureCerts: false, browserName: chrome, browserVersion: 120.0.6099.129, chrome: {chromedriverVersion: 120.0.6099.109 (3419140ab66..., userDataDir: /var/folders/r3/5_bhvqb55bq...}, fedcm:accounts: true, goog:chromeOptions: {debuggerAddress: localhost:51078}, networkConnectionEnabled: false, pageLoadStrategy: normal, platformName: mac, proxy: Proxy(), se:cdp: ws://localhost:51078/devtoo..., se:cdpVersion: 120.0.6099.129, setWindowRect: true, strictFileInteractability: false, timeouts: {implicit: 0, pageLoad: 300000, script: 30000}, unhandledPromptBehavior: dismiss and notify, webauthn:extension:credBlob: true, webauthn:extension:largeBlob: true, webauthn:extension:minPinLength: true, webauthn:extension:prf: true, webauthn:virtualAuthenticators: true}
Session ID: ea6e157aa13b08210ef9902188bd5b37
	at java.base/jdk.internal.reflect.NativeConstructorAccessorImpl.newInstance0(Native Method)
	at java.base/jdk.internal.reflect.NativeConstructorAccessorImpl.newInstance(NativeConstructorAccessorImpl.java:77)
	at java.base/jdk.internal.reflect.DelegatingConstructorAccessorImpl.newInstance(DelegatingConstructorAccessorImpl.java:45)
	at java.base/java.lang.reflect.Constructor.newInstanceWithCaller(Constructor.java:499)
	at java.base/java.lang.reflect.Constructor.newInstance(Constructor.java:480)
	at org.openqa.selenium.remote.codec.w3c.W3CHttpResponseCodec.createException(W3CHttpResponseCodec.java:200)
	at org.openqa.selenium.remote.codec.w3c.W3CHttpResponseCodec.decode(W3CHttpResponseCodec.java:133)
	at org.openqa.selenium.remote.codec.w3c.W3CHttpResponseCodec.decode(W3CHttpResponseCodec.java:52)
	at org.openqa.selenium.remote.HttpCommandExecutor.execute(HttpCommandExecutor.java:191)
	at org.openqa.selenium.remote.service.DriverCommandExecutor.invokeExecute(DriverCommandExecutor.java:196)
	at org.openqa.selenium.remote.service.DriverCommandExecutor.execute(DriverCommandExecutor.java:171)
	at org.openqa.selenium.remote.RemoteWebDriver.execute(RemoteWebDriver.java:602)
	at org.openqa.selenium.remote.ElementLocation$ElementFinder$2.findElement(ElementLocation.java:165)
	at org.openqa.selenium.remote.ElementLocation.findElement(ElementLocation.java:59)
	at org.openqa.selenium.remote.RemoteWebDriver.findElement(RemoteWebDriver.java:359)
	at org.openqa.selenium.remote.RemoteWebDriver.findElement(RemoteWebDriver.java:353)
	at org.openqa.selenium.support.pagefactory.DefaultElementLocator.findElement(DefaultElementLocator.java:68)
	at org.openqa.selenium.support.pagefactory.internal.LocatingElementHandler.invoke(LocatingElementHandler.java:38)
	at jdk.proxy2/jdk.proxy2.$Proxy31.getWrappedElement(Unknown Source)
	at org.openqa.selenium.remote.internal.WebElementToJsonConverter.apply(WebElementToJsonConverter.java:51)
	at java.base/java.util.stream.ReferencePipeline$3$1.accept(ReferencePipeline.java:197)
	at java.base/java.util.Spliterators$ArraySpliterator.forEachRemaining(Spliterators.java:992)
	at java.base/java.util.stream.AbstractPipeline.copyInto(AbstractPipeline.java:509)
	at java.base/java.util.stream.AbstractPipeline.wrapAndCopyInto(AbstractPipeline.java:499)
	at java.base/java.util.stream.ReduceOps$ReduceOp.evaluateSequential(ReduceOps.java:921)
	at java.base/java.util.stream.AbstractPipeline.evaluate(AbstractPipeline.java:234)
	at java.base/java.util.stream.ReferencePipeline.collect(ReferencePipeline.java:682)
	at org.openqa.selenium.remote.RemoteWebDriver.executeScript(RemoteWebDriver.java:465)
	at pageObjects.PatientObject.medicalHistory(PatientObject.java:258)
	at stepDefinitions.PatientObjectSD.patient_enters_and_on_medical_history(PatientObjectSD.java:123)
	at ✽.Patient enters "12.00" and "60" on medical history(file:///Users/kalai/Documents/GitLab/Sepsis-Application/src/test/resources/features/02patientObject.feature:52)
&amp#27;[0m

    Embedding My screenshot [image/png 282666 bytes]

  &amp#27;[36mThen &amp#27;[0m&amp#27;[36mPatient can see the &amp#27;[0m&amp#27;[36m&amp#27;[1m"12.00"&amp#27;[0m&amp#27;[36m and &amp#27;[0m&amp#27;[36m&amp#27;[1m"60"&amp#27;[0m&amp#27;[36m entered on medical history&amp#27;[0m &amp#27;[90m# stepDefinitions.PatientObjectSD.patient_can_see_the_and_entered_on_medical_history(java.lang.String,java.lang.String)&amp#27;[0m
]]></system-out>
  </testcase>
  <testcase name="runScenario[&quot;Validate Existing Morbidities available to chosen&quot;, &quot;Validitate Existing Morbidities&quot;](7)" classname="runner.TestRunnertestNG" time="0.283">
    <system-out><![CDATA[
@ExistingMorbidities @TS_01ValidateExistingMorbidities-availabletochosen
Scenario: Validate Existing Morbidities available to chosen                                     &amp#27;[90m# src/test/resources/features/03existingMorbidities.feature:5&amp#27;[0m
  &amp#27;[32mGiven &amp#27;[0m&amp#27;[32mPatient is on available list box of existing morbidities&amp#27;[0m                                &amp#27;[90m# stepDefinitions.ExistingMorbiditiesSD.patient_is_on_available_list_box_of_existing_morbidities()&amp#27;[0m
  &amp#27;[32mWhen &amp#27;[0m&amp#27;[32mPatient  selects an existing morbidity in the list available&amp#27;[0m                             &amp#27;[90m# stepDefinitions.ExistingMorbiditiesSD.patient_selects_an_existing_morbidity_in_the_list_available()&amp#27;[0m
  &amp#27;[32mAnd &amp#27;[0m&amp#27;[32mclicks the right arrow&amp#27;[0m                                                                    &amp#27;[90m# stepDefinitions.ExistingMorbiditiesSD.clicks_the_right_arrow()&amp#27;[0m
  &amp#27;[32mThen &amp#27;[0m&amp#27;[32mPatient should able to see the selected option &amp#27;[0m&amp#27;[32m&amp#27;[1m"High Cholesterol"&amp#27;[0m&amp#27;[32m in the chosen list box&amp#27;[0m &amp#27;[90m# stepDefinitions.ExistingMorbiditiesSD.patient_should_able_to_see_the_selected_option_in_the_chosen_list_box(java.lang.String)&amp#27;[0m
]]></system-out>
  </testcase>
  <testcase name="runScenario[&quot;Validate Existing Morbidities available to chosen&quot;, &quot;Validitate Existing Morbidities&quot;](7)" classname="runner.TestRunnertestNG" time="0.264">
    <failure message="invalid session id&#10;Build info: version: &apos;4.12.0&apos;, revision: &apos;249f2a7d1b*&apos;&#10;System info: os.name: &apos;Mac OS X&apos;, os.arch: &apos;aarch64&apos;, os.version: &apos;13.4&apos;, java.version: &apos;17.0.6&apos;&#10;Driver info: org.openqa.selenium.chrome.ChromeDriver&#10;Command: [ea6e157aa13b08210ef9902188bd5b37, findElement {using=xpath, value=(//span[@title=&apos;High Cholesterol&apos;])[1]}]&#10;Capabilities {acceptInsecureCerts: false, browserName: chrome, browserVersion: 120.0.6099.129, chrome: {chromedriverVersion: 120.0.6099.109 (3419140ab66..., userDataDir: /var/folders/r3/5_bhvqb55bq...}, fedcm:accounts: true, goog:chromeOptions: {debuggerAddress: localhost:51078}, networkConnectionEnabled: false, pageLoadStrategy: normal, platformName: mac, proxy: Proxy(), se:cdp: ws://localhost:51078/devtoo..., se:cdpVersion: 120.0.6099.129, setWindowRect: true, strictFileInteractability: false, timeouts: {implicit: 0, pageLoad: 300000, script: 30000}, unhandledPromptBehavior: dismiss and notify, webauthn:extension:credBlob: true, webauthn:extension:largeBlob: true, webauthn:extension:minPinLength: true, webauthn:extension:prf: true, webauthn:virtualAuthenticators: true}&#10;Session ID: ea6e157aa13b08210ef9902188bd5b37" type="org.openqa.selenium.NoSuchSessionException"><![CDATA[org.openqa.selenium.NoSuchSessionException: 
invalid session id
Build info: version: '4.12.0', revision: '249f2a7d1b*'
System info: os.name: 'Mac OS X', os.arch: 'aarch64', os.version: '13.4', java.version: '17.0.6'
Driver info: org.openqa.selenium.chrome.ChromeDriver
Command: [ea6e157aa13b08210ef9902188bd5b37, findElement {using=xpath, value=(//span[@title='High Cholesterol'])[1]}]
Capabilities {acceptInsecureCerts: false, browserName: chrome, browserVersion: 120.0.6099.129, chrome: {chromedriverVersion: 120.0.6099.109 (3419140ab66..., userDataDir: /var/folders/r3/5_bhvqb55bq...}, fedcm:accounts: true, goog:chromeOptions: {debuggerAddress: localhost:51078}, networkConnectionEnabled: false, pageLoadStrategy: normal, platformName: mac, proxy: Proxy(), se:cdp: ws://localhost:51078/devtoo..., se:cdpVersion: 120.0.6099.129, setWindowRect: true, strictFileInteractability: false, timeouts: {implicit: 0, pageLoad: 300000, script: 30000}, unhandledPromptBehavior: dismiss and notify, webauthn:extension:credBlob: true, webauthn:extension:largeBlob: true, webauthn:extension:minPinLength: true, webauthn:extension:prf: true, webauthn:virtualAuthenticators: true}
Session ID: ea6e157aa13b08210ef9902188bd5b37
	at java.base/jdk.internal.reflect.NativeConstructorAccessorImpl.newInstance0(Native Method)
	at java.base/jdk.internal.reflect.NativeConstructorAccessorImpl.newInstance(NativeConstructorAccessorImpl.java:77)
	at java.base/jdk.internal.reflect.DelegatingConstructorAccessorImpl.newInstance(DelegatingConstructorAccessorImpl.java:45)
	at java.base/java.lang.reflect.Constructor.newInstanceWithCaller(Constructor.java:499)
	at java.base/java.lang.reflect.Constructor.newInstance(Constructor.java:480)
	at org.openqa.selenium.remote.codec.w3c.W3CHttpResponseCodec.createException(W3CHttpResponseCodec.java:200)
	at org.openqa.selenium.remote.codec.w3c.W3CHttpResponseCodec.decode(W3CHttpResponseCodec.java:133)
	at org.openqa.selenium.remote.codec.w3c.W3CHttpResponseCodec.decode(W3CHttpResponseCodec.java:52)
	at org.openqa.selenium.remote.HttpCommandExecutor.execute(HttpCommandExecutor.java:191)
	at org.openqa.selenium.remote.service.DriverCommandExecutor.invokeExecute(DriverCommandExecutor.java:196)
	at org.openqa.selenium.remote.service.DriverCommandExecutor.execute(DriverCommandExecutor.java:171)
	at org.openqa.selenium.remote.RemoteWebDriver.execute(RemoteWebDriver.java:602)
	at org.openqa.selenium.remote.ElementLocation$ElementFinder$2.findElement(ElementLocation.java:165)
	at org.openqa.selenium.remote.ElementLocation.findElement(ElementLocation.java:59)
	at org.openqa.selenium.remote.RemoteWebDriver.findElement(RemoteWebDriver.java:359)
	at org.openqa.selenium.remote.RemoteWebDriver.findElement(RemoteWebDriver.java:353)
	at org.openqa.selenium.support.pagefactory.DefaultElementLocator.findElement(DefaultElementLocator.java:68)
	at org.openqa.selenium.support.pagefactory.internal.LocatingElementHandler.invoke(LocatingElementHandler.java:38)
	at jdk.proxy2/jdk.proxy2.$Proxy31.getWrappedElement(Unknown Source)
	at org.openqa.selenium.remote.internal.WebElementToJsonConverter.apply(WebElementToJsonConverter.java:51)
	at java.base/java.util.stream.ReferencePipeline$3$1.accept(ReferencePipeline.java:197)
	at java.base/java.util.Spliterators$ArraySpliterator.forEachRemaining(Spliterators.java:992)
	at java.base/java.util.stream.AbstractPipeline.copyInto(AbstractPipeline.java:509)
	at java.base/java.util.stream.AbstractPipeline.wrapAndCopyInto(AbstractPipeline.java:499)
	at java.base/java.util.stream.ReduceOps$ReduceOp.evaluateSequential(ReduceOps.java:921)
	at java.base/java.util.stream.AbstractPipeline.evaluate(AbstractPipeline.java:234)
	at java.base/java.util.stream.ReferencePipeline.collect(ReferencePipeline.java:682)
	at org.openqa.selenium.remote.RemoteWebDriver.executeScript(RemoteWebDriver.java:465)
	at pageObjects.ExistingMorbidities.selectExistingMorbidity(ExistingMorbidities.java:131)
	at stepDefinitions.ExistingMorbiditiesSD.patient_selects_an_existing_morbidity_in_the_list_available(ExistingMorbiditiesSD.java:32)
	at ✽.Patient  selects an existing morbidity in the list available(file:///Users/kalai/Documents/GitLab/Sepsis-Application/src/test/resources/features/03existingMorbidities.feature:7)
]]></failure>
    <system-out><![CDATA[
@ExistingMorbidities @TS_01ValidateExistingMorbidities-availabletochosen
Scenario: Validate Existing Morbidities available to chosen                                     &amp#27;[90m# src/test/resources/features/03existingMorbidities.feature:5&amp#27;[0m
  &amp#27;[32mGiven &amp#27;[0m&amp#27;[32mPatient is on available list box of existing morbidities&amp#27;[0m                                &amp#27;[90m# stepDefinitions.ExistingMorbiditiesSD.patient_is_on_available_list_box_of_existing_morbidities()&amp#27;[0m
  &amp#27;[31mWhen &amp#27;[0m&amp#27;[31mPatient  selects an existing morbidity in the list available&amp#27;[0m                             &amp#27;[90m# stepDefinitions.ExistingMorbiditiesSD.patient_selects_an_existing_morbidity_in_the_list_available()&amp#27;[0m
      &amp#27;[31morg.openqa.selenium.NoSuchSessionException: invalid session id
Build info: version: '4.12.0', revision: '249f2a7d1b*'
System info: os.name: 'Mac OS X', os.arch: 'aarch64', os.version: '13.4', java.version: '17.0.6'
[...]
	at java.base/jdk.internal.reflect.NativeMethodAccessorImpl.invoke(NativeMethodAccessorImpl.java:77)
	at java.base/jdk.internal.reflect.DelegatingMethodAccessorImpl.invoke(DelegatingMethodAccessorImpl.java:43)
	at java.base/java.lang.reflect.Method.invoke(Method.java:568)
	at io.cucumber.java.Invoker.doInvoke(Invoker.java:66)
	at io.cucumber.java.Invoker.invoke(Invoker.java:24)
	at io.cucumber.java.AbstractGlueDefinition.invokeMethod(AbstractGlueDefinition.java:47)
	at io.cucumber.java.JavaStepDefinition.execute(JavaStepDefinition.java:29)
	at io.cucumber.core.runner.CoreStepDefinition.execute(CoreStepDefinition.java:66)
	at io.cucumber.core.runner.PickleStepDefinitionMatch.runStep(PickleStepDefinitionMatch.java:63)
	at io.cucumber.core.runner.ExecutionMode$1.execute(ExecutionMode.java:10)
	at io.cucumber.core.runner.TestStep.executeStep(TestStep.java:84)
	at io.cucumber.core.runner.TestStep.run(TestStep.java:56)
	at io.cucumber.core.runner.PickleStepTestStep.run(PickleStepTestStep.java:51)
	at io.cucumber.core.runner.TestCase.run(TestCase.java:84)
	at io.cucumber.core.runner.Runner.runPickle(Runner.java:75)
	at io.cucumber.testng.TestNGCucumberRunner.lambda$runScenario$1(TestNGCucumberRunner.java:132)
	at io.cucumber.core.runtime.CucumberExecutionContext.lambda$runTestCase$5(CucumberExecutionContext.java:137)
	at io.cucumber.core.runtime.RethrowingThrowableCollector.executeAndThrow(RethrowingThrowableCollector.java:23)
	at io.cucumber.core.runtime.CucumberExecutionContext.runTestCase(CucumberExecutionContext.java:137)
	at io.cucumber.testng.TestNGCucumberRunner.runScenario(TestNGCucumberRunner.java:129)
	at io.cucumber.testng.AbstractTestNGCucumberTests.runScenario(AbstractTestNGCucumberTests.java:35)
	at jdk.internal.reflect.GeneratedMethodAccessor159.invoke(Unknown Source)
	at java.base/jdk.internal.reflect.DelegatingMethodAccessorImpl.invoke(DelegatingMethodAccessorImpl.java:43)
	at java.base/java.lang.reflect.Method.invoke(Method.java:568)
	at org.testng.internal.invokers.MethodInvocationHelper.invokeMethod(MethodInvocationHelper.java:135)
	at org.testng.internal.invokers.TestInvoker.invokeMethod(TestInvoker.java:673)
	at org.testng.internal.invokers.TestInvoker.invokeTestMethod(TestInvoker.java:220)
	at org.testng.internal.invokers.MethodRunner.runInSequence(MethodRunner.java:50)
	at org.testng.internal.invokers.TestInvoker$MethodInvocationAgent.invoke(TestInvoker.java:945)
	at org.testng.internal.invokers.TestInvoker.invokeTestMethods(TestInvoker.java:193)
	at org.testng.internal.invokers.TestMethodWorker.invokeTestMethods(TestMethodWorker.java:146)
	at org.testng.internal.invokers.TestMethodWorker.run(TestMethodWorker.java:128)
	at java.base/java.util.ArrayList.forEach(ArrayList.java:1511)
	at org.testng.TestRunner.privateRun(TestRunner.java:808)
	at org.testng.TestRunner.run(TestRunner.java:603)
	at org.testng.SuiteRunner.runTest(SuiteRunner.java:429)
	at org.testng.SuiteRunner.runSequentially(SuiteRunner.java:423)
	at org.testng.SuiteRunner.privateRun(SuiteRunner.java:383)
	at org.testng.SuiteRunner.run(SuiteRunner.java:326)
	at org.testng.SuiteRunnerWorker.runSuite(SuiteRunnerWorker.java:52)
	at org.testng.SuiteRunnerWorker.run(SuiteRunnerWorker.java:95)
	at org.testng.TestNG.runSuitesSequentially(TestNG.java:1249)
	at org.testng.TestNG.runSuitesLocally(TestNG.java:1169)
	at org.testng.TestNG.runSuites(TestNG.java:1092)
	at org.testng.TestNG.run(TestNG.java:1060)
	at org.apache.maven.surefire.testng.TestNGExecutor.run(TestNGExecutor.java:324)
	at org.apache.maven.surefire.testng.TestNGXmlTestSuite.execute(TestNGXmlTestSuite.java:74)
	at org.apache.maven.surefire.testng.TestNGProvider.invoke(TestNGProvider.java:123)
	at org.apache.maven.surefire.booter.ForkedBooter.runSuitesInProcess(ForkedBooter.java:456)
	at org.apache.maven.surefire.booter.ForkedBooter.execute(ForkedBooter.java:169)
	at org.apache.maven.surefire.booter.ForkedBooter.run(ForkedBooter.java:595)
	at org.apache.maven.surefire.booter.ForkedBooter.main(ForkedBooter.java:581)
Caused by: org.openqa.selenium.NoSuchSessionException: invalid session id
Build info: version: '4.12.0', revision: '249f2a7d1b*'
System info: os.name: 'Mac OS X', os.arch: 'aarch64', os.version: '13.4', java.version: '17.0.6'
Driver info: org.openqa.selenium.chrome.ChromeDriver
Command: [ea6e157aa13b08210ef9902188bd5b37, findElement {using=xpath, value=//a[@title='Sepsis Blood Profiles']}]
Capabilities {acceptInsecureCerts: false, browserName: chrome, browserVersion: 120.0.6099.129, chrome: {chromedriverVersion: 120.0.6099.109 (3419140ab66..., userDataDir: /var/folders/r3/5_bhvqb55bq...}, fedcm:accounts: true, goog:chromeOptions: {debuggerAddress: localhost:51078}, networkConnectionEnabled: false, pageLoadStrategy: normal, platformName: mac, proxy: Proxy(), se:cdp: ws://localhost:51078/devtoo..., se:cdpVersion: 120.0.6099.129, setWindowRect: true, strictFileInteractability: false, timeouts: {implicit: 0, pageLoad: 300000, script: 30000}, unhandledPromptBehavior: dismiss and notify, webauthn:extension:credBlob: true, webauthn:extension:largeBlob: true, webauthn:extension:minPinLength: true, webauthn:extension:prf: true, webauthn:virtualAuthenticators: true}
Session ID: ea6e157aa13b08210ef9902188bd5b37
	at jdk.internal.reflect.GeneratedConstructorAccessor52.newInstance(Unknown Source)
	at java.base/jdk.internal.reflect.DelegatingConstructorAccessorImpl.newInstance(DelegatingConstructorAccessorImpl.java:45)
	at java.base/java.lang.reflect.Constructor.newInstanceWithCaller(Constructor.java:499)
	at java.base/java.lang.reflect.Constructor.newInstance(Constructor.java:480)
	at org.openqa.selenium.remote.codec.w3c.W3CHttpResponseCodec.createException(W3CHttpResponseCodec.java:200)
	at org.openqa.selenium.remote.codec.w3c.W3CHttpResponseCodec.decode(W3CHttpResponseCodec.java:133)
	at org.openqa.selenium.remote.codec.w3c.W3CHttpResponseCodec.decode(W3CHttpResponseCodec.java:52)
	at org.openqa.selenium.remote.HttpCommandExecutor.execute(HttpCommandExecutor.java:191)
	at org.openqa.selenium.remote.service.DriverCommandExecutor.invokeExecute(DriverCommandExecutor.java:196)
	at org.openqa.selenium.remote.service.DriverCommandExecutor.execute(DriverCommandExecutor.java:171)
	at org.openqa.selenium.remote.RemoteWebDriver.execute(RemoteWebDriver.java:602)
	at org.openqa.selenium.remote.ElementLocation$ElementFinder$2.findElement(ElementLocation.java:165)
	at org.openqa.selenium.remote.ElementLocation.findElement(ElementLocation.java:59)
	at org.openqa.selenium.remote.RemoteWebDriver.findElement(RemoteWebDriver.java:359)
	at org.openqa.selenium.remote.RemoteWebDriver.findElement(RemoteWebDriver.java:353)
	at org.openqa.selenium.support.pagefactory.DefaultElementLocator.findElement(DefaultElementLocator.java:68)
	at org.openqa.selenium.support.pagefactory.internal.LocatingElementHandler.invoke(LocatingElementHandler.java:38)
	at jdk.proxy2/jdk.proxy2.$Proxy31.getWrappedElement(Unknown Source)
	at org.openqa.selenium.interactions.PointerInput$Origin.asArg(PointerInput.java:259)
	at org.openqa.selenium.interactions.PointerInput$Move.encode(PointerInput.java:208)
	at org.openqa.selenium.interactions.Sequence.encode(Sequence.java:72)
	at org.openqa.selenium.interactions.Sequence.toJson(Sequence.java:81)
	... 90 more
&amp#27;[0m

    Embedding My screenshot [image/png 285263 bytes]

  &amp#27;[36mWhen &amp#27;[0m&amp#27;[36mAdmin opens the saved Form&amp#27;[0m                                                                                               &amp#27;[90m# stepDefinitions.SepsisBloodProfileSD.admin_opens_the_saved_form()&amp#27;[0m
  &amp#27;[36mThen &amp#27;[0m&amp#27;[36mAdmin should be able to see the values for &amp#27;[0m&amp#27;[36m&amp#27;[1m"89"&amp#27;[0m&amp#27;[36m,&amp#27;[0m&amp#27;[36m&amp#27;[1m"4.80"&amp#27;[0m&amp#27;[36m,&amp#27;[0m&amp#27;[36m&amp#27;[1m"Abnormal"&amp#27;[0m&amp#27;[36m,&amp#27;[0m&amp#27;[36m&amp#27;[1m"Kidney Disease"&amp#27;[0m&amp#27;[36m ,&amp#27;[0m&amp#27;[36m&amp#27;[1m"37"&amp#27;[0m&amp#27;[36m, &amp#27;[0m&amp#27;[36m&amp#27;[1m"Critical Respiratory Failure"&amp#27;[0m &amp#27;[90m# stepDefinitions.SepsisBloodProfileSD.admin_should_be_able_to_see_the_values_for(java.lang.String,java.lang.String,java.lang.String,java.lang.String,java.lang.String,java.lang.String)&amp#27;[0m
]]></system-out>
  </testcase>
  <testcase name="runScenario[&quot;Validitate Organ Failure in Patient Saved Form&quot;, &quot;Validitate Sepsis BloodProfile&quot;](42)" classname="runner.TestRunnertestNG" time="0.749">
    <system-out><![CDATA[
@SepsisBloodProfile @TS_04ValiditateOrganFailureInPatientSavedForm
Scenario Outline: Validitate Organ Failure in Patient Saved Form                                           &amp#27;[90m# src/test/resources/features/07SepsisBloodProfile.feature:28&amp#27;[0m
  &amp#27;[32mGiven &amp#27;[0m&amp#27;[32mAdmin is on Patient Object&amp#27;[0m                                                                         &amp#27;[90m# stepDefinitions.SepsisBloodProfileSD.admin_is_on_patient_object()&amp#27;[0m
  &amp#27;[32mWhen &amp#27;[0m&amp#27;[32mAdmin opens the saved Patient Form&amp#27;[0m                                                                  &amp#27;[90m# stepDefinitions.SepsisBloodProfileSD.admin_opens_the_saved_Patient_form()&amp#27;[0m
  &amp#27;[32mThen &amp#27;[0m&amp#27;[32mAdmin should be able to check the status of the Kidney failure, Heart failure , Respiratory failure&amp#27;[0m &amp#27;[90m# stepDefinitions.SepsisBloodProfileSD.admin_should_be_able_to_check_the_status_of_the_kidney_failure_heart_failure_respiratory_failure()&amp#27;[0m
]]></system-out>
  </testcase>
  <testcase name="runScenario[&quot;Validitate Organ Failure in Patient Saved Form&quot;, &quot;Validitate Sepsis BloodProfile&quot;](42)" classname="runner.TestRunnertestNG" time="0.419">
    <failure message="invalid session id&#10;Build info: version: &apos;4.12.0&apos;, revision: &apos;249f2a7d1b*&apos;&#10;System info: os.name: &apos;Mac OS X&apos;, os.arch: &apos;aarch64&apos;, os.version: &apos;13.4&apos;, java.version: &apos;17.0.6&apos;&#10;Driver info: org.openqa.selenium.chrome.ChromeDriver&#10;Command: [ea6e157aa13b08210ef9902188bd5b37, findElement {using=xpath, value=//button[@title=&apos;Select a List View: Patients&apos;]}]&#10;Capabilities {acceptInsecureCerts: false, browserName: chrome, browserVersion: 120.0.6099.129, chrome: {chromedriverVersion: 120.0.6099.109 (3419140ab66..., userDataDir: /var/folders/r3/5_bhvqb55bq...}, fedcm:accounts: true, goog:chromeOptions: {debuggerAddress: localhost:51078}, networkConnectionEnabled: false, pageLoadStrategy: normal, platformName: mac, proxy: Proxy(), se:cdp: ws://localhost:51078/devtoo..., se:cdpVersion: 120.0.6099.129, setWindowRect: true, strictFileInteractability: false, timeouts: {implicit: 0, pageLoad: 300000, script: 30000}, unhandledPromptBehavior: dismiss and notify, webauthn:extension:credBlob: true, webauthn:extension:largeBlob: true, webauthn:extension:minPinLength: true, webauthn:extension:prf: true, webauthn:virtualAuthenticators: true}&#10;Session ID: ea6e157aa13b08210ef9902188bd5b37" type="org.openqa.selenium.NoSuchSessionException"><![CDATA[org.openqa.selenium.NoSuchSessionException: 
invalid session id
Build info: version: '4.12.0', revision: '249f2a7d1b*'
System info: os.name: 'Mac OS X', os.arch: 'aarch64', os.version: '13.4', java.version: '17.0.6'
Driver info: org.openqa.selenium.chrome.ChromeDriver
Command: [ea6e157aa13b08210ef9902188bd5b37, findElement {using=xpath, value=//button[@title='Select a List View: Patients']}]
Capabilities {acceptInsecureCerts: false, browserName: chrome, browserVersion: 120.0.6099.129, chrome: {chromedriverVersion: 120.0.6099.109 (3419140ab66..., userDataDir: /var/folders/r3/5_bhvqb55bq...}, fedcm:accounts: true, goog:chromeOptions: {debuggerAddress: localhost:51078}, networkConnectionEnabled: false, pageLoadStrategy: normal, platformName: mac, proxy: Proxy(), se:cdp: ws://localhost:51078/devtoo..., se:cdpVersion: 120.0.6099.129, setWindowRect: true, strictFileInteractability: false, timeouts: {implicit: 0, pageLoad: 300000, script: 30000}, unhandledPromptBehavior: dismiss and notify, webauthn:extension:credBlob: true, webauthn:extension:largeBlob: true, webauthn:extension:minPinLength: true, webauthn:extension:prf: true, webauthn:virtualAuthenticators: true}
Session ID: ea6e157aa13b08210ef9902188bd5b37
	at jdk.internal.reflect.GeneratedConstructorAccessor52.newInstance(Unknown Source)
	at java.base/jdk.internal.reflect.DelegatingConstructorAccessorImpl.newInstance(DelegatingConstructorAccessorImpl.java:45)
	at java.base/java.lang.reflect.Constructor.newInstanceWithCaller(Constructor.java:499)
	at java.base/java.lang.reflect.Constructor.newInstance(Constructor.java:480)
	at org.openqa.selenium.remote.codec.w3c.W3CHttpResponseCodec.createException(W3CHttpResponseCodec.java:200)
	at org.openqa.selenium.remote.codec.w3c.W3CHttpResponseCodec.decode(W3CHttpResponseCodec.java:133)
	at org.openqa.selenium.remote.codec.w3c.W3CHttpResponseCodec.decode(W3CHttpResponseCodec.java:52)
	at org.openqa.selenium.remote.HttpCommandExecutor.execute(HttpCommandExecutor.java:191)
	at org.openqa.selenium.remote.service.DriverCommandExecutor.invokeExecute(DriverCommandExecutor.java:196)
	at org.openqa.selenium.remote.service.DriverCommandExecutor.execute(DriverCommandExecutor.java:171)
	at org.openqa.selenium.remote.RemoteWebDriver.execute(RemoteWebDriver.java:602)
	at org.openqa.selenium.remote.ElementLocation$ElementFinder$2.findElement(ElementLocation.java:165)
	at org.openqa.selenium.remote.ElementLocation.findElement(ElementLocation.java:59)
	at org.openqa.selenium.remote.RemoteWebDriver.findElement(RemoteWebDriver.java:359)
	at org.openqa.selenium.remote.RemoteWebDriver.findElement(RemoteWebDriver.java:353)
	at org.openqa.selenium.support.pagefactory.DefaultElementLocator.findElement(DefaultElementLocator.java:68)
	at org.openqa.selenium.support.pagefactory.internal.LocatingElementHandler.invoke(LocatingElementHandler.java:38)
	at jdk.proxy2/jdk.proxy2.$Proxy31.isDisplayed(Unknown Source)
	at org.openqa.selenium.support.ui.ExpectedConditions.elementIfVisible(ExpectedConditions.java:304)
	at org.openqa.selenium.support.ui.ExpectedConditions.access$000(ExpectedConditions.java:37)
	at org.openqa.selenium.support.ui.ExpectedConditions$10.apply(ExpectedConditions.java:290)
	at org.openqa.selenium.support.ui.ExpectedConditions$10.apply(ExpectedConditions.java:287)
	at org.openqa.selenium.support.ui.FluentWait.until(FluentWait.java:205)
	at driverFactory.AbstractComponents.waitForElementToappear(AbstractComponents.java:26)
	at pageObjects.Vitals.selectListView(Vitals.java:176)
	at stepDefinitions.SepsisBloodProfileSD.admin_opens_the_saved_Patient_form(SepsisBloodProfileSD.java:143)
	at ✽.Admin opens the saved Patient Form(file:///Users/kalai/Documents/GitLab/Sepsis-Application/src/test/resources/features/07SepsisBloodProfile.feature:30)
]]></failure>
    <system-out><![CDATA[
@SepsisBloodProfile @TS_04ValiditateOrganFailureInPatientSavedForm
Scenario Outline: Validitate Organ Failure in Patient Saved Form                                           &amp#27;[90m# src/test/resources/features/07SepsisBloodProfile.feature:28&amp#27;[0m
  &amp#27;[32mGiven &amp#27;[0m&amp#27;[32mAdmin is on Patient Object&amp#27;[0m                                                                         &amp#27;[90m# stepDefinitions.SepsisBloodProfileSD.admin_is_on_patient_object()&amp#27;[0m
  &amp#27;[31mWhen &amp#27;[0m&amp#27;[31mAdmin opens the saved Patient Form&amp#27;[0m                                                                  &amp#27;[90m# stepDefinitions.SepsisBloodProfileSD.admin_opens_the_saved_Patient_form()&amp#27;[0m
      &amp#27;[31morg.openqa.selenium.NoSuchSessionException: invalid session id
Build info: version: '4.12.0', revision: '249f2a7d1b*'
System info: os.name: 'Mac OS X', os.arch: 'aarch64', os.version: '13.4', java.version: '17.0.6'
Driver info: org.openqa.selenium.chrome.ChromeDriver
Command: [ea6e157aa13b08210ef9902188bd5b37, findElement {using=xpath, value=//button[@title='Select a List View: Patients']}]
Capabilities {acceptInsecureCerts: false, browserName: chrome, browserVersion: 120.0.6099.129, chrome: {chromedriverVersion: 120.0.6099.109 (3419140ab66..., userDataDir: /var/folders/r3/5_bhvqb55bq...}, fedcm:accounts: true, goog:chromeOptions: {debuggerAddress: localhost:51078}, networkConnectionEnabled: false, pageLoadStrategy: normal, platformName: mac, proxy: Proxy(), se:cdp: ws://localhost:51078/devtoo..., se:cdpVersion: 120.0.6099.129, setWindowRect: true, strictFileInteractability: false, timeouts: {implicit: 0, pageLoad: 300000, script: 30000}, unhandledPromptBehavior: dismiss and notify, webauthn:extension:credBlob: true, webauthn:extension:largeBlob: true, webauthn:extension:minPinLength: true, webauthn:extension:prf: true, webauthn:virtualAuthenticators: true}
Session ID: ea6e157aa13b08210ef9902188bd5b37
	at jdk.internal.reflect.GeneratedConstructorAccessor52.newInstance(Unknown Source)
	at java.base/jdk.internal.reflect.DelegatingConstructorAccessorImpl.newInstance(DelegatingConstructorAccessorImpl.java:45)
	at java.base/java.lang.reflect.Constructor.newInstanceWithCaller(Constructor.java:499)
	at java.base/java.lang.reflect.Constructor.newInstance(Constructor.java:480)
	at org.openqa.selenium.remote.codec.w3c.W3CHttpResponseCodec.createException(W3CHttpResponseCodec.java:200)
	at org.openqa.selenium.remote.codec.w3c.W3CHttpResponseCodec.decode(W3CHttpResponseCodec.java:133)
	at org.openqa.selenium.remote.codec.w3c.W3CHttpResponseCodec.decode(W3CHttpResponseCodec.java:52)
	at org.openqa.selenium.remote.HttpCommandExecutor.execute(HttpCommandExecutor.java:191)
	at org.openqa.selenium.remote.service.DriverCommandExecutor.invokeExecute(DriverCommandExecutor.java:196)
	at org.openqa.selenium.remote.service.DriverCommandExecutor.execute(DriverCommandExecutor.java:171)
	at org.openqa.selenium.remote.RemoteWebDriver.execute(RemoteWebDriver.java:602)
	at org.openqa.selenium.remote.ElementLocation$ElementFinder$2.findElement(ElementLocation.java:165)
	at org.openqa.selenium.remote.ElementLocation.findElement(ElementLocation.java:59)
	at org.openqa.selenium.remote.RemoteWebDriver.findElement(RemoteWebDriver.java:359)
	at org.openqa.selenium.remote.RemoteWebDriver.findElement(RemoteWebDriver.java:353)
	at org.openqa.selenium.support.pagefactory.DefaultElementLocator.findElement(DefaultElementLocator.java:68)
	at org.openqa.selenium.support.pagefactory.internal.LocatingElementHandler.invoke(LocatingElementHandler.java:38)
	at jdk.proxy2/jdk.proxy2.$Proxy31.isDisplayed(Unknown Source)
	at org.openqa.selenium.support.ui.ExpectedConditions.elementIfVisible(ExpectedConditions.java:304)
	at org.openqa.selenium.support.ui.ExpectedConditions.access$000(ExpectedConditions.java:37)
	at org.openqa.selenium.support.ui.ExpectedConditions$10.apply(ExpectedConditions.java:290)
	at org.openqa.selenium.support.ui.ExpectedConditions$10.apply(ExpectedConditions.java:287)
	at org.openqa.selenium.support.ui.FluentWait.until(FluentWait.java:205)
	at driverFactory.AbstractComponents.waitForElementToappear(AbstractComponents.java:26)
	at pageObjects.Vitals.selectListView(Vitals.java:176)
	at stepDefinitions.SepsisBloodProfileSD.admin_opens_the_saved_Patient_form(SepsisBloodProfileSD.java:143)
	at ✽.Admin opens the saved Patient Form(file:///Users/kalai/Documents/GitLab/Sepsis-Application/src/test/resources/features/07SepsisBloodProfile.feature:30)
&amp#27;[0m

    Embedding My screenshot [image/png 346857 bytes]

  &amp#27;[36mThen &amp#27;[0m&amp#27;[36mAdmin should be able to check the status of the Kidney failure, Heart failure , Respiratory failure&amp#27;[0m &amp#27;[90m# stepDefinitions.SepsisBloodProfileSD.admin_should_be_able_to_check_the_status_of_the_kidney_failure_heart_failure_respiratory_failure()&amp#27;[0m
]]></system-out>
  </testcase>
</testsuite>